---------------------
  #    meV     cm^-1
---------------------
  0    4.7i     38.1i
  1    4.5i     36.5i
  2    1.7i     13.5i
  3    1.5i     12.2i
  4    0.5i      4.0i
  5    0.1i      0.8i
  6    0.0i      0.1i
  7    0.0i      0.1i
  8    0.0       0.1
  9    0.2       1.7
 10    0.7       5.8
 11    1.0       7.7
 12    1.1       8.8
 13    1.3      10.4
 14    1.6      13.0
 15    1.7      14.1
 16    2.1      16.7
 17    2.2      18.1
 18    2.6      21.4
 19    2.9      23.6
 20    3.2      26.0
 21    4.0      32.6
 22    4.3      34.9
 23    4.6      37.2
 24    6.3      51.2
 25    6.8      54.6
 26    6.9      56.0
 27    7.2      58.1
 28    7.7      62.2
 29    8.0      64.7
 30    8.3      67.3
 31    8.4      67.7
 32    8.6      69.5
 33    8.7      70.2
 34    9.1      73.4
 35    9.3      74.7
 36    9.5      77.0
 37    9.7      78.1
 38   10.2      82.2
 39   10.3      82.9
 40   11.1      89.7
 41   11.3      90.8
 42   12.4     100.3
 43   12.6     101.6
 44   12.9     104.3
 45   13.0     104.8
 46   13.2     106.1
 47   13.2     106.8
 48   14.4     116.3
 49   14.4     116.4
 50   14.6     118.1
 51   14.9     119.8
 52   15.5     124.9
 53   15.8     127.4
 54   16.5     132.8
 55   16.8     135.2
 56   16.8     135.8
 57   16.9     136.7
 58   17.2     138.4
 59   17.3     139.5
 60   18.2     146.9
 61   18.8     151.6
 62   19.1     154.0
 63   19.3     155.7
 64   19.6     158.2
 65   20.2     163.0
 66   20.3     164.1
 67   20.6     165.8
 68   21.2     170.8
 69   21.3     171.5
 70   22.0     177.6
 71   22.3     179.8
 72   22.9     184.7
 73   23.1     186.2
 74   23.4     188.7
 75   23.5     189.8
 76   24.3     195.7
 77   24.3     196.0
 78   24.6     198.2
 79   24.6     198.7
 80   25.1     202.4
 81   25.2     203.4
 82   25.5     206.0
 83   25.7     207.1
 84   26.9     217.3
 85   27.0     217.4
 86   28.9     232.9
 87   28.9     233.0
 88   29.7     239.7
 89   29.8     240.1
 90   31.2     251.7
 91   31.2     251.8
 92   32.2     259.6
 93   32.2     260.0
 94   33.0     266.5
 95   33.1     266.7
 96   33.8     272.3
 97   33.8     272.6
 98   34.9     281.8
 99   35.1     283.0
100   35.5     286.7
101   35.7     287.5
102   35.7     287.7
103   35.7     287.7
104   36.5     294.3
105   36.8     297.0
106   36.9     297.4
107   36.9     297.6
108   38.3     309.1
109   38.4     309.7
110   38.5     310.7
111   38.6     311.5
112   39.4     318.2
113   39.5     318.7
114   41.4     333.6
115   41.5     334.5
116   42.6     343.9
117   42.7     344.5
118   43.2     348.3
119   43.2     348.4
120   44.2     356.5
121   44.2     356.5
122   49.5     399.0
123   49.6     400.0
124   50.0     403.6
125   50.0     403.7
126   51.2     412.8
127   51.2     413.1
128   51.7     417.0
129   51.7     417.3
130   53.8     434.1
131   53.9     434.5
132   56.4     455.0
133   56.4     455.0
134   57.5     464.1
135   57.5     464.1
136   59.1     477.0
137   59.2     477.2
138   60.4     487.6
139   60.5     487.6
140   60.6     489.0
141   60.6     489.1
142   61.2     493.9
143   61.3     494.2
144   62.3     502.5
145   62.3     502.7
146   62.8     506.5
147   62.8     506.7
148   63.5     512.4
149   63.5     512.5
150   64.5     520.0
151   64.5     520.2
152   64.7     521.9
153   64.7     522.2
154   66.0     532.2
155   66.0     532.3
156   68.0     548.5
157   68.1     549.1
158   68.5     552.4
159   68.5     552.5
160   69.9     564.1
161   70.0     564.4
162   71.1     573.7
163   71.4     575.7
164   72.3     583.4
165   72.4     584.2
166   73.4     591.9
167   73.4     592.0
168   74.9     604.4
169   75.0     604.6
170   75.6     610.0
171   75.6     610.0
172   78.2     630.5
173   78.2     630.6
174   78.8     635.2
175   78.8     635.6
176   78.8     636.0
177   78.9     636.2
178   79.0     637.2
179   79.1     637.6
180   79.6     642.2
181   79.6     642.2
182   79.8     643.8
183   79.8     644.0
184   81.2     655.1
185   81.2     655.3
186   82.9     668.7
187   82.9     668.9
188   83.9     676.7
189   83.9     676.8
190   86.2     695.3
191   86.2     695.5
192   89.1     718.4
193   89.1     718.5
194   90.7     731.3
195   90.7     731.4
196   92.2     743.6
197   92.2     743.9
198   93.6     754.9
199   93.7     755.4
200   95.4     769.2
201   95.4     769.4
202   95.7     771.8
203   95.7     772.0
204  100.5     810.3
205  100.5     810.4
206  100.8     812.9
207  100.8     813.0
208  103.0     830.5
209  103.0     830.6
210  103.8     837.2
211  103.9     838.2
212  104.3     841.3
213  104.3     841.4
214  105.4     849.8
215  105.4     849.9
216  106.7     860.6
217  106.7     860.8
218  107.9     870.4
219  107.9     870.6
220  108.3     873.6
221  108.4     874.3
222  108.8     877.2
223  108.8     877.5
224  108.9     878.2
225  108.9     878.3
226  109.0     878.8
227  109.2     880.6
228  109.3     881.3
229  109.4     882.2
230  111.8     901.8
231  111.9     902.2
232  111.9     902.6
233  111.9     902.7
234  112.4     906.7
235  112.4     906.8
236  116.0     935.5
237  116.0     935.7
238  116.5     939.6
239  116.5     939.9
240  117.3     946.3
241  117.3     946.5
242  121.5     979.7
243  121.5     980.0
244  123.0     991.8
245  123.0     991.8
246  125.0    1007.9
247  125.0    1008.0
248  127.2    1026.2
249  127.3    1026.3
250  130.7    1053.9
251  130.7    1054.0
252  131.8    1062.9
253  131.8    1063.1
254  132.7    1070.0
255  132.7    1070.1
256  133.3    1074.8
257  133.3    1075.1
258  134.0    1080.7
259  134.1    1081.3
260  134.4    1084.1
261  134.6    1085.4
262  135.2    1090.6
263  135.3    1091.4
264  135.6    1093.5
265  135.6    1093.8
266  135.8    1094.9
267  135.8    1095.0
268  136.2    1098.5
269  136.2    1098.6
270  136.3    1099.4
271  136.5    1101.0
272  137.5    1109.1
273  137.5    1109.2
274  139.3    1123.4
275  139.3    1123.5
276  139.6    1126.0
277  139.6    1126.1
278  140.6    1134.2
279  140.6    1134.3
280  141.8    1144.0
281  141.9    1144.2
282  143.1    1154.5
283  143.2    1154.8
284  143.9    1160.2
285  144.0    1161.4
286  144.6    1166.1
287  144.7    1167.1
288  145.1    1170.0
289  145.1    1170.4
290  148.9    1201.1
291  149.0    1201.6
292  149.8    1208.0
293  149.8    1208.4
294  151.4    1221.2
295  151.4    1221.4
296  151.8    1224.0
297  151.8    1224.0
298  152.6    1230.9
299  152.6    1231.0
300  153.5    1237.9
301  153.5    1238.0
302  154.4    1245.5
303  154.5    1246.1
304  154.6    1247.1
305  154.7    1247.8
306  154.9    1249.3
307  154.9    1249.4
308  157.6    1271.4
309  157.6    1271.5
310  157.7    1271.7
311  157.7    1271.8
312  158.1    1275.3
313  158.1    1275.4
314  158.2    1275.8
315  158.2    1276.1
316  159.0    1282.4
317  159.0    1282.8
318  159.8    1288.7
319  159.8    1288.8
320  159.9    1289.3
321  159.9    1289.8
322  160.4    1294.1
323  160.5    1294.2
324  160.5    1294.7
325  160.5    1294.8
326  160.7    1296.4
327  160.8    1296.7
328  160.9    1297.6
329  160.9    1297.8
330  160.9    1298.0
331  161.0    1298.2
332  161.5    1302.5
333  161.6    1303.1
334  161.9    1305.8
335  161.9    1305.9
336  162.1    1307.4
337  162.1    1307.5
338  162.4    1309.6
339  162.4    1310.0
340  162.6    1311.5
341  162.6    1311.5
342  164.5    1326.6
343  164.5    1326.7
344  165.2    1332.5
345  165.2    1332.6
346  166.0    1338.9
347  166.0    1339.0
348  167.6    1351.6
349  167.6    1352.1
350  172.4    1390.2
351  172.4    1390.2
352  172.5    1391.7
353  172.6    1391.7
354  176.0    1419.4
355  176.0    1419.5
356  177.0    1427.5
357  177.0    1427.6
358  178.4    1438.7
359  178.4    1438.8
360  178.5    1439.9
361  178.5    1440.0
362  179.3    1446.4
363  179.4    1446.9
364  179.9    1450.8
365  179.9    1451.0
366  181.1    1461.0
367  181.1    1461.1
368  181.4    1463.2
369  181.4    1463.2
370  182.9    1475.6
371  183.3    1478.3
372  183.9    1483.5
373  185.1    1492.9
374  187.2    1510.2
375  187.2    1510.3
376  187.3    1510.8
377  187.3    1510.8
378  190.5    1536.4
379  190.5    1536.4
380  218.4    1761.6
381  218.4    1761.6
382  350.0    2823.1
383  350.1    2823.4
384  356.2    2872.8
385  356.2    2872.8
386  359.9    2902.7
387  360.1    2904.8
388  360.7    2909.1
389  360.7    2909.2
390  362.4    2922.9
391  362.5    2923.5
392  362.9    2927.0
393  363.0    2927.8
394  363.3    2930.0
395  363.5    2931.7
396  364.9    2943.0
397  365.0    2943.7
398  367.4    2963.5
399  367.5    2964.1
400  368.1    2968.9
401  368.1    2969.0
402  368.3    2970.1
403  368.3    2970.2
404  369.0    2975.9
405  369.0    2975.9
406  369.1    2976.9
407  369.2    2977.9
408  370.4    2987.2
409  370.5    2988.3
410  370.8    2991.1
411  370.9    2991.2
412  371.0    2992.4
413  371.1    2993.0
414  371.4    2995.9
415  371.5    2996.6
416  371.8    2998.6
417  371.8    2998.7
418  373.0    3008.6
419  373.1    3009.5
420  374.1    3017.6
421  374.2    3018.2
422  375.1    3025.3
423  375.1    3025.4
424  376.9    3039.6
425  376.9    3039.8
426  377.9    3048.4
427  378.0    3048.5
428  379.1    3057.9
429  379.2    3058.5
430  386.9    3120.9
431  387.0    3121.2
432  387.6    3125.8
433  387.6    3126.2
434  388.6    3134.3
435  388.7    3134.9
436  391.4    3156.9
437  391.5    3157.4
438  392.0    3161.4
439  392.1    3162.4
440  392.4    3164.9
441  392.5    3166.1
442  459.4    3705.7
443  459.5    3706.3
---------------------
Zero-point energy: 28.748 eV
