2025-12-15 05:24:21.912 INFO: ===========VERIFYING SETTINGS===========
2025-12-15 05:24:21.913 INFO: MACE version: 0.3.14
2025-12-15 05:24:21.914 DEBUG: Configuration: Namespace(config='config-03.yml', name='multihead_finetuned_MACE', seed=345, work_dir='.', log_dir='Model', model_dir='Model', checkpoints_dir='Model', results_dir='Model', downloads_dir='./downloads', device='cuda', default_dtype='float64', distributed=False, launcher='slurm', log_level='INFO', plot=True, plot_frequency=0, plot_interaction_e=False, error_table='PerAtomRMSE', model='MACE', r_max=5.0, radial_type='bessel', num_radial_basis=8, num_cutoff_basis=5, pair_repulsion=False, distance_transform='None', apply_cutoff=True, use_last_readout_only=False, use_embedding_readout=False, interaction='RealAgnosticResidualInteractionBlock', interaction_first='RealAgnosticResidualInteractionBlock', max_ell=3, correlation=3, use_reduced_cg=False, use_so3=False, use_agnostic_product=False, num_interactions=2, MLP_irreps='16x0e', radial_MLP='[64, 64, 64]', hidden_irreps='128x0e + 128x1o', edge_irreps=None, num_channels=128, max_L=1, gate='silu', scaling='rms_forces_scaling', avg_num_neighbors=1, compute_avg_num_neighbors=True, compute_stress=False, compute_forces=True, compute_polarizability=<function str2bool at 0x7d311fb493a0>, compute_atomic_dipole=<function str2bool at 0x7d311fb493a0>, train_file='data/train_data.xyz', valid_file=None, valid_fraction=0.1, test_file=None, test_dir=None, multi_processed_test=False, num_workers=0, pin_memory=True, atomic_numbers='[1, 6, 7, 8, 26]', mean=None, std=None, statistics_file=None, les_arguments=None, E0s=None, pseudolabel_replay=False, foundation_filter_elements=True, heads=None, multiheads_finetuning=True, foundation_head=None, weight_pt_head=1.0, real_pt_data_ratio_threshold=0.1, num_samples_pt=300, force_mh_ft_lr=False, subselect_pt='random', filter_type_pt='combinations', allow_random_padding_pt=True, pt_train_file='mp', pt_valid_file=None, foundation_model_elements=False, keep_isolated_atoms=False, energy_key='REF_energy', forces_key='REF_forces', virials_key='REF_virials', stress_key='REF_stress', dipole_key='dipole', polarizability_key='polarizability', head_key='head', charges_key='REF_charges', elec_temp_key='elec_temp', total_spin_key='total_spin', total_charge_key='total_charge', embedding_specs=None, skip_evaluate_heads='pt_head', loss='weighted', forces_weight=10.0, swa_forces_weight=100.0, energy_weight=1.0, swa_energy_weight=1000.0, virials_weight=1.0, swa_virials_weight=10.0, stress_weight=0.0, swa_stress_weight=10.0, dipole_weight=1.0, swa_dipole_weight=1.0, swa_polarizability_weight=1.0, polarizability_weight=1.0, config_type_weights='{"Default":1.0}', huber_delta=0.01, optimizer='adam', beta=0.9, batch_size=10, valid_batch_size=10, lr=0.01, swa_lr=0.001, weight_decay=5e-07, amsgrad=True, scheduler='ReduceLROnPlateau', lr_factor=0.8, scheduler_patience=50, lr_scheduler_gamma=0.9993, swa=False, start_swa=None, lbfgs=False, ema=False, ema_decay=0.99, max_num_epochs=100, patience=2048, foundation_model='small', foundation_model_readout=True, eval_interval=1, keep_checkpoints=False, save_all_checkpoints=False, restart_latest=False, save_cpu=False, clip_grad=10.0, dry_run=False, enable_cueq=False, only_cueq=False, enable_oeq=False, wandb=False, wandb_dir=None, wandb_project='', wandb_entity='', wandb_name='', wandb_log_hypers=['num_channels', 'max_L', 'correlation', 'lr', 'swa_lr', 'weight_decay', 'batch_size', 'max_num_epochs', 'start_swa', 'energy_weight', 'forces_weight'], key_specification=KeySpecification(info_keys={'energy': 'REF_energy', 'stress': 'REF_stress', 'virials': 'REF_virials', 'dipole': 'dipole', 'head': 'head', 'elec_temp': 'elec_temp', 'total_charge': 'total_charge', 'polarizability': 'polarizability', 'total_spin': 'total_spin'}, arrays_keys={'forces': 'REF_forces', 'charges': 'REF_charges'}))
2025-12-15 05:24:21.997 INFO: CUDA version: 12.6, CUDA device: 0
2025-12-15 05:24:22.178 DEBUG: Popen(['git', 'version'], cwd=/content, stdin=None, shell=False, universal_newlines=False)
2025-12-15 05:24:22.181 DEBUG: Popen(['git', 'version'], cwd=/content, stdin=None, shell=False, universal_newlines=False)
2025-12-15 05:24:22.182 DEBUG: sys.platform='linux', git_executable='git'
2025-12-15 05:24:22.183 DEBUG: Error accessing Git repository: /content
2025-12-15 05:24:22.183 INFO: Using foundation model mace-mp-0 small as initial checkpoint.
2025-12-15 05:24:23.340 INFO: CUDA version: 12.6, CUDA device: 0
2025-12-15 05:24:23.351 INFO: Multihead finetuning mode, setting learning rate to 0.0001 and EMA to True. To use a different learning rate, set --force_mh_ft_lr=True.
2025-12-15 05:24:23.352 INFO: Using multiheads finetuning mode, setting learning rate to 0.0001 and EMA to True
2025-12-15 05:24:23.353 INFO: Using foundation model for multiheads finetuning with Materials Project data
2025-12-15 05:24:23.355 INFO: ===========LOADING INPUT DATA===========
2025-12-15 05:24:23.356 INFO: Using heads: ['Default', 'pt_head']
2025-12-15 05:24:23.357 INFO: Using the key specifications to parse data:
2025-12-15 05:24:23.359 INFO: Default: KeySpecification(info_keys={'energy': 'REF_energy', 'stress': 'REF_stress', 'virials': 'REF_virials', 'dipole': 'dipole', 'head': 'head', 'elec_temp': 'elec_temp', 'total_charge': 'total_charge', 'polarizability': 'polarizability', 'total_spin': 'total_spin'}, arrays_keys={'forces': 'REF_forces', 'charges': 'REF_charges'})
2025-12-15 05:24:23.359 INFO: pt_head: KeySpecification(info_keys={'energy': 'energy', 'stress': 'stress', 'virials': 'REF_virials', 'dipole': 'dipole', 'head': 'head', 'elec_temp': 'elec_temp', 'total_charge': 'total_charge', 'polarizability': 'polarizability', 'total_spin': 'total_spin'}, arrays_keys={'forces': 'forces', 'charges': 'REF_charges'})
2025-12-15 05:24:23.362 INFO: =============    Processing head Default     ===========
2025-12-15 05:24:23.363 DEBUG: Loading training file: data/train_data.xyz
2025-12-15 05:24:23.554 INFO: Using isolated atom energies from training file
2025-12-15 05:24:23.568 INFO: Training set 1/1 [energy: 160, stress: 0, virials: 0, dipole components: 0, head: 160, elec_temp: 0, total_charge: 0, polarizability: 0, total_spin: 0, forces: 160, charges: 0]
2025-12-15 05:24:23.570 INFO: Total Training set [energy: 160, stress: 0, virials: 0, dipole components: 0, head: 160, elec_temp: 0, total_charge: 0, polarizability: 0, total_spin: 0, forces: 160, charges: 0]
2025-12-15 05:24:23.571 INFO: No validation set provided, splitting training data instead.
2025-12-15 05:24:23.574 INFO: Using random 10% of training set for validation with indices saved in: ./valid_indices_345.txt
2025-12-15 05:24:23.577 INFO: Random Split Training set [energy: 144, stress: 0, virials: 0, dipole components: 0, head: 144, elec_temp: 0, total_charge: 0, polarizability: 0, total_spin: 0, forces: 144, charges: 0]
2025-12-15 05:24:23.580 INFO: Random Split Validation set [energy: 16, stress: 0, virials: 0, dipole components: 0, head: 16, elec_temp: 0, total_charge: 0, polarizability: 0, total_spin: 0, forces: 16, charges: 0]
2025-12-15 05:24:23.580 DEBUG: Element 1 found in 1 file. Using E0: -1.109961 eV
2025-12-15 05:24:23.581 DEBUG: Element 6 found in 1 file. Using E0: -1.368748 eV
2025-12-15 05:24:23.581 DEBUG: Element 8 found in 1 file. Using E0: -2.179056 eV
2025-12-15 05:24:23.581 DEBUG: Element 7 found in 1 file. Using E0: -3.171558 eV
2025-12-15 05:24:23.581 DEBUG: Element 26 found in 1 file. Using E0: -4.182343 eV
2025-12-15 05:24:23.581 INFO: Total number of configurations: train=144, valid=16, tests=[],
2025-12-15 05:24:23.583 INFO: =============    Processing head pt_head     ===========
2025-12-15 05:24:23.584 INFO: Using filtered Materials Project data for replay (300, combinations, random). You can also construct a different subset using `fine_tuning_select.py` script.
2025-12-15 05:24:23.586 INFO: Downloading MP structures for finetuning
2025-12-15 05:24:27.204 INFO: Materials Project dataset to /root/.cache/mace/mp_traj_combinedxyz
2025-12-15 05:24:27.206 DEBUG: Using the supplied atomic numbers for filtering.
2025-12-15 05:25:53.059 INFO: Filtering configurations based on the finetuning set, filtering type: FilteringType.COMBINATIONS, elements: ['H', 'C', 'N', 'O', 'Fe']
2025-12-15 05:25:56.514 INFO: Subselecting 300 from filtered 779 using random sampling
2025-12-15 05:25:56.516 INFO: Saving the selected configurations
2025-12-15 05:25:56.672 INFO: Saving a combined XYZ file
2025-12-15 05:25:57.239 DEBUG: Loading training file: mp_finetuning-multihead_finetuned_MACE_run-345.xyz
2025-12-15 05:25:57.567 WARNING: Since ASE version 3.23.0b1, using energy_key 'energy' is no longer safe when communicating between MACE and ASE. We recommend using a different key, rewriting 'energy' to 'REF_energy'. You need to use --energy_key='REF_energy' to specify the chosen key name.
2025-12-15 05:25:57.636 WARNING: Since ASE version 3.23.0b1, using forces_key 'forces' is no longer safe when communicating between MACE and ASE. We recommend using a different key, rewriting 'forces' to 'REF_forces'. You need to use --forces_key='REF_forces' to specify the chosen key name.
2025-12-15 05:25:57.699 WARNING: Since ASE version 3.23.0b1, using stress_key 'stress' is no longer safe when communicating between MACE and ASE. We recommend using a different key, rewriting 'stress' to 'REF_stress'. You need to use --stress_key='REF_stress' to specify the chosen key name.
2025-12-15 05:25:57.781 INFO: Training set 1/1 [energy: 300, stress: 300, virials: 0, dipole components: 0, head: 300, elec_temp: 0, total_charge: 0, polarizability: 0, total_spin: 0, forces: 300, charges: 0]
2025-12-15 05:25:57.786 INFO: Total Training set [energy: 300, stress: 300, virials: 0, dipole components: 0, head: 300, elec_temp: 0, total_charge: 0, polarizability: 0, total_spin: 0, forces: 300, charges: 0]
2025-12-15 05:25:57.788 INFO: No validation set provided, splitting training data instead.
2025-12-15 05:25:57.789 INFO: Using random 10% of training set for validation with indices saved in: ./valid_indices_345.txt
2025-12-15 05:25:57.793 INFO: Random Split Training set [energy: 270, stress: 270, virials: 0, dipole components: 0, head: 270, elec_temp: 0, total_charge: 0, polarizability: 0, total_spin: 0, forces: 270, charges: 0]
2025-12-15 05:25:57.796 INFO: Random Split Validation set [energy: 30, stress: 30, virials: 0, dipole components: 0, head: 30, elec_temp: 0, total_charge: 0, polarizability: 0, total_spin: 0, forces: 30, charges: 0]
2025-12-15 05:25:57.797 INFO: ==================Using multiheads finetuning mode==================
2025-12-15 05:25:57.798 INFO: Total number of configurations in pretraining: train=270, valid=30
2025-12-15 05:25:57.799 INFO: Using atomic numbers from command line argument
2025-12-15 05:25:57.804 INFO: Atomic Numbers used: [1, 6, 7, 8, 26]
2025-12-15 05:25:57.812 INFO: Atomic Energies used (z: eV) for head Default: {1: -1.1099609680170317, 6: -1.368747740830329, 7: -3.171558113518122, 8: -2.179056463567101, 26: -4.182343}
2025-12-15 05:25:57.813 INFO: Atomic Energies used (z: eV) for head pt_head: {1: -3.667168021358939, 6: -8.405573550273285, 7: -7.360100452662763, 8: -7.28459863421322, 26: -7.0489865771593765}
2025-12-15 05:25:57.814 INFO: Processing datasets for head 'Default'
2025-12-15 05:25:58.306 DEBUG: Successfully loaded dataset from ASE files: ['data/train_data.xyz']
2025-12-15 05:25:58.306 INFO: Combining 1 list datasets for head 'Default'
2025-12-15 05:25:58.364 INFO: Head 'Default' training dataset size: 144
2025-12-15 05:25:58.366 INFO: Processing datasets for head 'pt_head'
2025-12-15 05:25:59.277 DEBUG: Successfully loaded dataset from ASE files: ['mp_finetuning-multihead_finetuned_MACE_run-345.xyz']
2025-12-15 05:25:59.278 INFO: Combining 1 list datasets for head 'pt_head'
2025-12-15 05:25:59.383 INFO: Head 'pt_head' training dataset size: 270
2025-12-15 05:25:59.385 INFO: Average number of neighbors: 61.964672446250916
2025-12-15 05:25:59.387 INFO: During training the following quantities will be reported: energy, forces, stress
2025-12-15 05:25:59.388 INFO: ===========MODEL DETAILS===========
2025-12-15 05:25:59.760 INFO: Loading FOUNDATION model
2025-12-15 05:25:59.761 INFO: Using filtered elements: [1, 6, 7, 8, 26]
2025-12-15 05:25:59.762 INFO: Model configuration extracted from foundation model
2025-12-15 05:25:59.764 INFO: Using universal loss function for fine-tuning
2025-12-15 05:25:59.765 INFO: Message passing with hidden irreps 128x0e)
2025-12-15 05:25:59.766 INFO: 2 layers, each with correlation order: 3 (body order: 4) and spherical harmonics up to: l=3
2025-12-15 05:25:59.766 INFO: Radial cutoff: 6.0 A (total receptive field for each atom: 12.0 A)
2025-12-15 05:25:59.767 INFO: Distance transform for radial basis functions: None
2025-12-15 05:26:02.825 DEBUG: ScaleShiftMACE(
  (node_embedding): LinearNodeEmbeddingBlock(
    (linear): Linear(5x0e -> 128x0e | 640 weights)
  )
  (radial_embedding): RadialEmbeddingBlock(
    (bessel_fn): BesselBasis(r_max=6.0, num_basis=10, trainable=True)
    (cutoff_fn): PolynomialCutoff(p=5, r_max=6.0)
  )
  (spherical_harmonics): SphericalHarmonics()
  (atomic_energies_fn): AtomicEnergiesBlock(energies=[[-3.6672, -8.4056, -7.3601, -7.2846, -7.0490], [-1.1100, -1.3687, -3.1716, -2.1791, -4.1823]])
  (interactions): ModuleList(
    (0-1): 2 x RealAgnosticResidualInteractionBlock(
      (linear_up): Linear(128x0e -> 128x0e | 16384 weights)
      (conv_tp): TensorProduct(128x0e x 1x0e+1x1o+1x2e+1x3o -> 128x0e+128x1o+128x2e+128x3o | 512 paths | 512 weights)
      (conv_tp_weights): FullyConnectedNet[10, 64, 64, 64, 512]
      (linear): Linear(128x0e+128x1o+128x2e+128x3o -> 128x0e+128x1o+128x2e+128x3o | 65536 weights)
      (skip_tp): FullyConnectedTensorProduct(128x0e x 5x0e -> 128x0e | 81920 paths | 81920 weights)
      (reshape): reshape_irreps()
    )
  )
  (products): ModuleList(
    (0-1): 2 x EquivariantProductBasisBlock(
      (symmetric_contractions): SymmetricContraction(
        (contractions): ModuleList(
          (0): Contraction(
            (contractions_weighting): ModuleList(
              (0-1): 2 x GraphModule()
            )
            (contractions_features): ModuleList(
              (0-1): 2 x GraphModule()
            )
            (weights): ParameterList(
                (0): Parameter containing: [torch.float64 of size 5x4x128 (cuda:0)]
                (1): Parameter containing: [torch.float64 of size 5x1x128 (cuda:0)]
            )
            (graph_opt_main): GraphModule()
          )
        )
      )
      (linear): Linear(128x0e -> 128x0e | 16384 weights)
    )
  )
  (readouts): ModuleList(
    (0): LinearReadoutBlock(
      (linear): Linear(128x0e -> 2x0e | 256 weights)
    )
    (1): NonLinearReadoutBlock(
      (linear_1): Linear(128x0e -> 32x0e | 4096 weights)
      (non_linearity): Activation [x] (32x0e -> 32x0e)
      (linear_2): Linear(32x0e -> 2x0e | 64 weights)
    )
  )
  (scale_shift): ScaleShiftBlock(scale=0.8042, 0.8042, shift=0.1641, 0.1641)
)
2025-12-15 05:26:02.826 INFO: Total number of parameters: 484554
2025-12-15 05:26:02.827 INFO: 
2025-12-15 05:26:02.828 INFO: ===========OPTIMIZER INFORMATION===========
2025-12-15 05:26:02.829 INFO: Using ADAM as parameter optimizer
2025-12-15 05:26:02.830 INFO: Batch size: 10
2025-12-15 05:26:02.831 INFO: Using Exponential Moving Average with decay: 0.99999
2025-12-15 05:26:02.832 INFO: Number of gradient updates: 4140
2025-12-15 05:26:02.833 INFO: Learning rate: 0.0001, weight decay: 5e-07
2025-12-15 05:26:02.834 INFO: UniversalLoss(energy_weight=1.000, forces_weight=10.000, stress_weight=0.000)
2025-12-15 05:26:02.838 INFO: Using gradient clipping with tolerance=10.000
2025-12-15 05:26:02.839 INFO: 
2025-12-15 05:26:02.839 INFO: ===========TRAINING===========
2025-12-15 05:26:02.840 INFO: Started training, reporting errors on validation set
2025-12-15 05:26:02.841 INFO: Loss metrics on validation set
2025-12-15 05:26:07.277 INFO: Initial: head: pt_head, loss=0.00077633, RMSE_E_per_atom=   21.37 meV, RMSE_F=  146.56 meV / A, RMSE_stress=    5.07 meV / A^3
2025-12-15 05:26:10.122 INFO: Initial: head: Default, loss=0.00785390, RMSE_E_per_atom= 4937.14 meV, RMSE_F=  213.30 meV / A, RMSE_stress=None meV / A^3
2025-12-15 05:26:59.729 INFO: Epoch 0: head: pt_head, loss=0.00079534, RMSE_E_per_atom=   31.69 meV, RMSE_F=  150.17 meV / A, RMSE_stress=    6.52 meV / A^3
2025-12-15 05:27:00.688 INFO: Epoch 0: head: Default, loss=0.00663529, RMSE_E_per_atom= 4907.03 meV, RMSE_F=   68.08 meV / A, RMSE_stress=None meV / A^3
2025-12-15 05:27:00.693 DEBUG: Saving checkpoint: Model/multihead_finetuned_MACE_run-345_epoch-0.pt
2025-12-15 05:27:46.815 INFO: Epoch 1: head: pt_head, loss=0.00079917, RMSE_E_per_atom=   32.32 meV, RMSE_F=  151.49 meV / A, RMSE_stress=    6.40 meV / A^3
2025-12-15 05:27:47.778 INFO: Epoch 1: head: Default, loss=0.00643317, RMSE_E_per_atom= 4883.33 meV, RMSE_F=   50.42 meV / A, RMSE_stress=None meV / A^3
2025-12-15 05:27:47.785 DEBUG: Deleting old checkpoint file: Model/multihead_finetuned_MACE_run-345_epoch-0.pt
2025-12-15 05:27:47.789 DEBUG: Saving checkpoint: Model/multihead_finetuned_MACE_run-345_epoch-1.pt
2025-12-15 05:28:33.244 INFO: Epoch 2: head: pt_head, loss=0.00081203, RMSE_E_per_atom=   36.87 meV, RMSE_F=  154.10 meV / A, RMSE_stress=    7.23 meV / A^3
2025-12-15 05:28:34.191 INFO: Epoch 2: head: Default, loss=0.00632490, RMSE_E_per_atom= 4855.85 meV, RMSE_F=   40.92 meV / A, RMSE_stress=None meV / A^3
2025-12-15 05:28:34.195 DEBUG: Deleting old checkpoint file: Model/multihead_finetuned_MACE_run-345_epoch-1.pt
2025-12-15 05:28:34.198 DEBUG: Saving checkpoint: Model/multihead_finetuned_MACE_run-345_epoch-2.pt
2025-12-15 05:29:19.927 INFO: Epoch 3: head: pt_head, loss=0.00081698, RMSE_E_per_atom=   39.82 meV, RMSE_F=  154.07 meV / A, RMSE_stress=    8.38 meV / A^3
2025-12-15 05:29:20.879 INFO: Epoch 3: head: Default, loss=0.00623618, RMSE_E_per_atom= 4824.87 meV, RMSE_F=   33.83 meV / A, RMSE_stress=None meV / A^3
2025-12-15 05:29:20.883 DEBUG: Deleting old checkpoint file: Model/multihead_finetuned_MACE_run-345_epoch-2.pt
2025-12-15 05:29:20.886 DEBUG: Saving checkpoint: Model/multihead_finetuned_MACE_run-345_epoch-3.pt
2025-12-15 05:30:06.404 INFO: Epoch 4: head: pt_head, loss=0.00081502, RMSE_E_per_atom=   43.03 meV, RMSE_F=  154.94 meV / A, RMSE_stress=    8.97 meV / A^3
2025-12-15 05:30:07.350 INFO: Epoch 4: head: Default, loss=0.00616470, RMSE_E_per_atom= 4795.41 meV, RMSE_F=   29.06 meV / A, RMSE_stress=None meV / A^3
2025-12-15 05:30:07.355 DEBUG: Deleting old checkpoint file: Model/multihead_finetuned_MACE_run-345_epoch-3.pt
2025-12-15 05:30:07.358 DEBUG: Saving checkpoint: Model/multihead_finetuned_MACE_run-345_epoch-4.pt
2025-12-15 05:30:53.116 INFO: Epoch 5: head: pt_head, loss=0.00082349, RMSE_E_per_atom=   47.05 meV, RMSE_F=  156.30 meV / A, RMSE_stress=   10.34 meV / A^3
2025-12-15 05:30:54.060 INFO: Epoch 5: head: Default, loss=0.00609589, RMSE_E_per_atom= 4760.53 meV, RMSE_F=   25.43 meV / A, RMSE_stress=None meV / A^3
2025-12-15 05:30:54.064 DEBUG: Deleting old checkpoint file: Model/multihead_finetuned_MACE_run-345_epoch-4.pt
2025-12-15 05:30:54.067 DEBUG: Saving checkpoint: Model/multihead_finetuned_MACE_run-345_epoch-5.pt
2025-12-15 05:31:39.757 INFO: Epoch 6: head: pt_head, loss=0.00083289, RMSE_E_per_atom=   50.49 meV, RMSE_F=  158.02 meV / A, RMSE_stress=   11.38 meV / A^3
2025-12-15 05:31:40.706 INFO: Epoch 6: head: Default, loss=0.00604101, RMSE_E_per_atom= 4730.96 meV, RMSE_F=   23.15 meV / A, RMSE_stress=None meV / A^3
2025-12-15 05:31:40.710 DEBUG: Deleting old checkpoint file: Model/multihead_finetuned_MACE_run-345_epoch-5.pt
2025-12-15 05:31:40.712 DEBUG: Saving checkpoint: Model/multihead_finetuned_MACE_run-345_epoch-6.pt
2025-12-15 05:32:26.477 INFO: Epoch 7: head: pt_head, loss=0.00083612, RMSE_E_per_atom=   53.70 meV, RMSE_F=  158.80 meV / A, RMSE_stress=   12.71 meV / A^3
2025-12-15 05:32:27.422 INFO: Epoch 7: head: Default, loss=0.00598554, RMSE_E_per_atom= 4697.94 meV, RMSE_F=   21.40 meV / A, RMSE_stress=None meV / A^3
2025-12-15 05:32:27.426 DEBUG: Deleting old checkpoint file: Model/multihead_finetuned_MACE_run-345_epoch-6.pt
2025-12-15 05:32:27.428 DEBUG: Saving checkpoint: Model/multihead_finetuned_MACE_run-345_epoch-7.pt
2025-12-15 05:33:12.809 INFO: Epoch 8: head: pt_head, loss=0.00084650, RMSE_E_per_atom=   57.35 meV, RMSE_F=  159.92 meV / A, RMSE_stress=   13.99 meV / A^3
2025-12-15 05:33:13.775 INFO: Epoch 8: head: Default, loss=0.00593243, RMSE_E_per_atom= 4664.13 meV, RMSE_F=   20.10 meV / A, RMSE_stress=None meV / A^3
2025-12-15 05:33:13.782 DEBUG: Deleting old checkpoint file: Model/multihead_finetuned_MACE_run-345_epoch-7.pt
2025-12-15 05:33:13.787 DEBUG: Saving checkpoint: Model/multihead_finetuned_MACE_run-345_epoch-8.pt
2025-12-15 05:33:59.362 INFO: Epoch 9: head: pt_head, loss=0.00085392, RMSE_E_per_atom=   61.96 meV, RMSE_F=  160.29 meV / A, RMSE_stress=   15.42 meV / A^3
2025-12-15 05:34:00.308 INFO: Epoch 9: head: Default, loss=0.00588461, RMSE_E_per_atom= 4632.65 meV, RMSE_F=   19.09 meV / A, RMSE_stress=None meV / A^3
2025-12-15 05:34:00.312 DEBUG: Deleting old checkpoint file: Model/multihead_finetuned_MACE_run-345_epoch-8.pt
2025-12-15 05:34:00.314 DEBUG: Saving checkpoint: Model/multihead_finetuned_MACE_run-345_epoch-9.pt
2025-12-15 05:34:46.160 INFO: Epoch 10: head: pt_head, loss=0.00085747, RMSE_E_per_atom=   65.89 meV, RMSE_F=  161.20 meV / A, RMSE_stress=   16.58 meV / A^3
2025-12-15 05:34:47.104 INFO: Epoch 10: head: Default, loss=0.00583726, RMSE_E_per_atom= 4600.01 meV, RMSE_F=   18.29 meV / A, RMSE_stress=None meV / A^3
2025-12-15 05:34:47.108 DEBUG: Deleting old checkpoint file: Model/multihead_finetuned_MACE_run-345_epoch-9.pt
2025-12-15 05:34:47.111 DEBUG: Saving checkpoint: Model/multihead_finetuned_MACE_run-345_epoch-10.pt
2025-12-15 05:35:32.767 INFO: Epoch 11: head: pt_head, loss=0.00085247, RMSE_E_per_atom=   70.07 meV, RMSE_F=  160.07 meV / A, RMSE_stress=   17.87 meV / A^3
2025-12-15 05:35:33.711 INFO: Epoch 11: head: Default, loss=0.00579055, RMSE_E_per_atom= 4567.03 meV, RMSE_F=   17.62 meV / A, RMSE_stress=None meV / A^3
2025-12-15 05:35:33.715 DEBUG: Deleting old checkpoint file: Model/multihead_finetuned_MACE_run-345_epoch-10.pt
2025-12-15 05:35:33.718 DEBUG: Saving checkpoint: Model/multihead_finetuned_MACE_run-345_epoch-11.pt
2025-12-15 05:36:19.440 INFO: Epoch 12: head: pt_head, loss=0.00085491, RMSE_E_per_atom=   73.93 meV, RMSE_F=  159.86 meV / A, RMSE_stress=   19.36 meV / A^3
2025-12-15 05:36:20.390 INFO: Epoch 12: head: Default, loss=0.00574560, RMSE_E_per_atom= 4534.93 meV, RMSE_F=   16.98 meV / A, RMSE_stress=None meV / A^3
2025-12-15 05:36:20.395 DEBUG: Deleting old checkpoint file: Model/multihead_finetuned_MACE_run-345_epoch-11.pt
2025-12-15 05:36:20.397 DEBUG: Saving checkpoint: Model/multihead_finetuned_MACE_run-345_epoch-12.pt
2025-12-15 05:37:06.012 INFO: Epoch 13: head: pt_head, loss=0.00085786, RMSE_E_per_atom=   78.42 meV, RMSE_F=  159.19 meV / A, RMSE_stress=   20.73 meV / A^3
2025-12-15 05:37:06.957 INFO: Epoch 13: head: Default, loss=0.00570079, RMSE_E_per_atom= 4502.51 meV, RMSE_F=   16.44 meV / A, RMSE_stress=None meV / A^3
2025-12-15 05:37:06.961 DEBUG: Deleting old checkpoint file: Model/multihead_finetuned_MACE_run-345_epoch-12.pt
2025-12-15 05:37:06.964 DEBUG: Saving checkpoint: Model/multihead_finetuned_MACE_run-345_epoch-13.pt
2025-12-15 05:37:52.480 INFO: Epoch 14: head: pt_head, loss=0.00085960, RMSE_E_per_atom=   82.05 meV, RMSE_F=  159.16 meV / A, RMSE_stress=   22.45 meV / A^3
2025-12-15 05:37:53.427 INFO: Epoch 14: head: Default, loss=0.00565784, RMSE_E_per_atom= 4471.07 meV, RMSE_F=   15.99 meV / A, RMSE_stress=None meV / A^3
2025-12-15 05:37:53.432 DEBUG: Deleting old checkpoint file: Model/multihead_finetuned_MACE_run-345_epoch-13.pt
2025-12-15 05:37:53.434 DEBUG: Saving checkpoint: Model/multihead_finetuned_MACE_run-345_epoch-14.pt
2025-12-15 05:38:39.063 INFO: Epoch 15: head: pt_head, loss=0.00085931, RMSE_E_per_atom=   86.09 meV, RMSE_F=  158.69 meV / A, RMSE_stress=   23.97 meV / A^3
2025-12-15 05:38:40.026 INFO: Epoch 15: head: Default, loss=0.00561524, RMSE_E_per_atom= 4439.66 meV, RMSE_F=   15.55 meV / A, RMSE_stress=None meV / A^3
2025-12-15 05:38:40.030 DEBUG: Deleting old checkpoint file: Model/multihead_finetuned_MACE_run-345_epoch-14.pt
2025-12-15 05:38:40.034 DEBUG: Saving checkpoint: Model/multihead_finetuned_MACE_run-345_epoch-15.pt
2025-12-15 05:39:25.404 INFO: Epoch 16: head: pt_head, loss=0.00086375, RMSE_E_per_atom=   90.46 meV, RMSE_F=  158.86 meV / A, RMSE_stress=   25.65 meV / A^3
2025-12-15 05:39:26.352 INFO: Epoch 16: head: Default, loss=0.00557067, RMSE_E_per_atom= 4406.31 meV, RMSE_F=   15.16 meV / A, RMSE_stress=None meV / A^3
2025-12-15 05:39:26.355 DEBUG: Deleting old checkpoint file: Model/multihead_finetuned_MACE_run-345_epoch-15.pt
2025-12-15 05:39:26.362 DEBUG: Saving checkpoint: Model/multihead_finetuned_MACE_run-345_epoch-16.pt
2025-12-15 05:40:12.125 INFO: Epoch 17: head: pt_head, loss=0.00086620, RMSE_E_per_atom=   94.30 meV, RMSE_F=  158.63 meV / A, RMSE_stress=   27.38 meV / A^3
2025-12-15 05:40:13.070 INFO: Epoch 17: head: Default, loss=0.00552912, RMSE_E_per_atom= 4375.18 meV, RMSE_F=   14.81 meV / A, RMSE_stress=None meV / A^3
2025-12-15 05:40:13.074 DEBUG: Deleting old checkpoint file: Model/multihead_finetuned_MACE_run-345_epoch-16.pt
2025-12-15 05:40:13.077 DEBUG: Saving checkpoint: Model/multihead_finetuned_MACE_run-345_epoch-17.pt
2025-12-15 05:40:58.807 INFO: Epoch 18: head: pt_head, loss=0.00086966, RMSE_E_per_atom=   98.49 meV, RMSE_F=  158.85 meV / A, RMSE_stress=   28.84 meV / A^3
2025-12-15 05:40:59.755 INFO: Epoch 18: head: Default, loss=0.00548688, RMSE_E_per_atom= 4343.24 meV, RMSE_F=   14.50 meV / A, RMSE_stress=None meV / A^3
2025-12-15 05:40:59.759 DEBUG: Deleting old checkpoint file: Model/multihead_finetuned_MACE_run-345_epoch-17.pt
2025-12-15 05:40:59.762 DEBUG: Saving checkpoint: Model/multihead_finetuned_MACE_run-345_epoch-18.pt
2025-12-15 05:41:45.387 INFO: Epoch 19: head: pt_head, loss=0.00087863, RMSE_E_per_atom=  102.70 meV, RMSE_F=  159.50 meV / A, RMSE_stress=   30.68 meV / A^3
2025-12-15 05:41:46.334 INFO: Epoch 19: head: Default, loss=0.00544329, RMSE_E_per_atom= 4310.05 meV, RMSE_F=   14.22 meV / A, RMSE_stress=None meV / A^3
2025-12-15 05:41:46.338 DEBUG: Deleting old checkpoint file: Model/multihead_finetuned_MACE_run-345_epoch-18.pt
2025-12-15 05:41:46.341 DEBUG: Saving checkpoint: Model/multihead_finetuned_MACE_run-345_epoch-19.pt
2025-12-15 05:42:32.116 INFO: Epoch 20: head: pt_head, loss=0.00088143, RMSE_E_per_atom=  106.68 meV, RMSE_F=  158.98 meV / A, RMSE_stress=   32.40 meV / A^3
2025-12-15 05:42:33.064 INFO: Epoch 20: head: Default, loss=0.00540243, RMSE_E_per_atom= 4279.03 meV, RMSE_F=   13.93 meV / A, RMSE_stress=None meV / A^3
2025-12-15 05:42:33.068 DEBUG: Deleting old checkpoint file: Model/multihead_finetuned_MACE_run-345_epoch-19.pt
2025-12-15 05:42:33.071 DEBUG: Saving checkpoint: Model/multihead_finetuned_MACE_run-345_epoch-20.pt
2025-12-15 05:43:18.398 INFO: Epoch 21: head: pt_head, loss=0.00088378, RMSE_E_per_atom=  110.65 meV, RMSE_F=  158.68 meV / A, RMSE_stress=   33.83 meV / A^3
2025-12-15 05:43:19.357 INFO: Epoch 21: head: Default, loss=0.00536103, RMSE_E_per_atom= 4247.39 meV, RMSE_F=   13.68 meV / A, RMSE_stress=None meV / A^3
2025-12-15 05:43:19.361 DEBUG: Deleting old checkpoint file: Model/multihead_finetuned_MACE_run-345_epoch-20.pt
2025-12-15 05:43:19.364 DEBUG: Saving checkpoint: Model/multihead_finetuned_MACE_run-345_epoch-21.pt
2025-12-15 05:44:04.763 INFO: Epoch 22: head: pt_head, loss=0.00088619, RMSE_E_per_atom=  114.76 meV, RMSE_F=  158.49 meV / A, RMSE_stress=   35.42 meV / A^3
2025-12-15 05:44:05.725 INFO: Epoch 22: head: Default, loss=0.00531905, RMSE_E_per_atom= 4215.20 meV, RMSE_F=   13.44 meV / A, RMSE_stress=None meV / A^3
2025-12-15 05:44:05.729 DEBUG: Deleting old checkpoint file: Model/multihead_finetuned_MACE_run-345_epoch-21.pt
2025-12-15 05:44:05.731 DEBUG: Saving checkpoint: Model/multihead_finetuned_MACE_run-345_epoch-22.pt
2025-12-15 05:44:51.290 INFO: Epoch 23: head: pt_head, loss=0.00089017, RMSE_E_per_atom=  119.17 meV, RMSE_F=  158.32 meV / A, RMSE_stress=   37.20 meV / A^3
2025-12-15 05:44:52.253 INFO: Epoch 23: head: Default, loss=0.00527521, RMSE_E_per_atom= 4181.36 meV, RMSE_F=   13.23 meV / A, RMSE_stress=None meV / A^3
2025-12-15 05:44:52.258 DEBUG: Deleting old checkpoint file: Model/multihead_finetuned_MACE_run-345_epoch-22.pt
2025-12-15 05:44:52.262 DEBUG: Saving checkpoint: Model/multihead_finetuned_MACE_run-345_epoch-23.pt
2025-12-15 05:45:37.768 INFO: Epoch 24: head: pt_head, loss=0.00089438, RMSE_E_per_atom=  123.34 meV, RMSE_F=  158.34 meV / A, RMSE_stress=   38.46 meV / A^3
2025-12-15 05:45:38.711 INFO: Epoch 24: head: Default, loss=0.00523173, RMSE_E_per_atom= 4147.73 meV, RMSE_F=   13.01 meV / A, RMSE_stress=None meV / A^3
2025-12-15 05:45:38.715 DEBUG: Deleting old checkpoint file: Model/multihead_finetuned_MACE_run-345_epoch-23.pt
2025-12-15 05:45:38.717 DEBUG: Saving checkpoint: Model/multihead_finetuned_MACE_run-345_epoch-24.pt
2025-12-15 05:46:24.393 INFO: Epoch 25: head: pt_head, loss=0.00089889, RMSE_E_per_atom=  128.22 meV, RMSE_F=  158.56 meV / A, RMSE_stress=   40.11 meV / A^3
2025-12-15 05:46:25.337 INFO: Epoch 25: head: Default, loss=0.00518575, RMSE_E_per_atom= 4112.02 meV, RMSE_F=   12.82 meV / A, RMSE_stress=None meV / A^3
2025-12-15 05:46:25.341 DEBUG: Deleting old checkpoint file: Model/multihead_finetuned_MACE_run-345_epoch-24.pt
2025-12-15 05:46:25.343 DEBUG: Saving checkpoint: Model/multihead_finetuned_MACE_run-345_epoch-25.pt
2025-12-15 05:47:11.064 INFO: Epoch 26: head: pt_head, loss=0.00090081, RMSE_E_per_atom=  132.62 meV, RMSE_F=  158.26 meV / A, RMSE_stress=   41.86 meV / A^3
2025-12-15 05:47:12.009 INFO: Epoch 26: head: Default, loss=0.00514270, RMSE_E_per_atom= 4078.57 meV, RMSE_F=   12.62 meV / A, RMSE_stress=None meV / A^3
2025-12-15 05:47:12.013 DEBUG: Deleting old checkpoint file: Model/multihead_finetuned_MACE_run-345_epoch-25.pt
2025-12-15 05:47:12.016 DEBUG: Saving checkpoint: Model/multihead_finetuned_MACE_run-345_epoch-26.pt
2025-12-15 05:47:57.681 INFO: Epoch 27: head: pt_head, loss=0.00089976, RMSE_E_per_atom=  137.42 meV, RMSE_F=  157.04 meV / A, RMSE_stress=   43.65 meV / A^3
2025-12-15 05:47:58.631 INFO: Epoch 27: head: Default, loss=0.00509774, RMSE_E_per_atom= 4043.51 meV, RMSE_F=   12.45 meV / A, RMSE_stress=None meV / A^3
2025-12-15 05:47:58.635 DEBUG: Deleting old checkpoint file: Model/multihead_finetuned_MACE_run-345_epoch-26.pt
2025-12-15 05:47:58.638 DEBUG: Saving checkpoint: Model/multihead_finetuned_MACE_run-345_epoch-27.pt
2025-12-15 05:48:44.315 INFO: Epoch 28: head: pt_head, loss=0.00090183, RMSE_E_per_atom=  142.26 meV, RMSE_F=  156.63 meV / A, RMSE_stress=   45.20 meV / A^3
2025-12-15 05:48:45.260 INFO: Epoch 28: head: Default, loss=0.00505157, RMSE_E_per_atom= 4007.42 meV, RMSE_F=   12.28 meV / A, RMSE_stress=None meV / A^3
2025-12-15 05:48:45.264 DEBUG: Deleting old checkpoint file: Model/multihead_finetuned_MACE_run-345_epoch-27.pt
2025-12-15 05:48:45.266 DEBUG: Saving checkpoint: Model/multihead_finetuned_MACE_run-345_epoch-28.pt
2025-12-15 05:49:30.904 INFO: Epoch 29: head: pt_head, loss=0.00090555, RMSE_E_per_atom=  146.99 meV, RMSE_F=  156.74 meV / A, RMSE_stress=   46.73 meV / A^3
2025-12-15 05:49:31.850 INFO: Epoch 29: head: Default, loss=0.00500653, RMSE_E_per_atom= 3972.13 meV, RMSE_F=   12.13 meV / A, RMSE_stress=None meV / A^3
2025-12-15 05:49:31.854 DEBUG: Deleting old checkpoint file: Model/multihead_finetuned_MACE_run-345_epoch-28.pt
2025-12-15 05:49:31.857 DEBUG: Saving checkpoint: Model/multihead_finetuned_MACE_run-345_epoch-29.pt
2025-12-15 05:50:17.338 INFO: Epoch 30: head: pt_head, loss=0.00090962, RMSE_E_per_atom=  151.98 meV, RMSE_F=  156.81 meV / A, RMSE_stress=   48.47 meV / A^3
2025-12-15 05:50:18.307 INFO: Epoch 30: head: Default, loss=0.00495997, RMSE_E_per_atom= 3935.49 meV, RMSE_F=   11.99 meV / A, RMSE_stress=None meV / A^3
2025-12-15 05:50:18.312 DEBUG: Deleting old checkpoint file: Model/multihead_finetuned_MACE_run-345_epoch-29.pt
2025-12-15 05:50:18.315 DEBUG: Saving checkpoint: Model/multihead_finetuned_MACE_run-345_epoch-30.pt
2025-12-15 05:51:03.962 INFO: Epoch 31: head: pt_head, loss=0.00091334, RMSE_E_per_atom=  156.78 meV, RMSE_F=  156.78 meV / A, RMSE_stress=   50.02 meV / A^3
2025-12-15 05:51:04.915 INFO: Epoch 31: head: Default, loss=0.00491395, RMSE_E_per_atom= 3899.28 meV, RMSE_F=   11.85 meV / A, RMSE_stress=None meV / A^3
2025-12-15 05:51:04.920 DEBUG: Deleting old checkpoint file: Model/multihead_finetuned_MACE_run-345_epoch-30.pt
2025-12-15 05:51:04.924 DEBUG: Saving checkpoint: Model/multihead_finetuned_MACE_run-345_epoch-31.pt
2025-12-15 05:51:50.482 INFO: Epoch 32: head: pt_head, loss=0.00091737, RMSE_E_per_atom=  161.76 meV, RMSE_F=  156.91 meV / A, RMSE_stress=   51.44 meV / A^3
2025-12-15 05:51:51.429 INFO: Epoch 32: head: Default, loss=0.00486709, RMSE_E_per_atom= 3862.37 meV, RMSE_F=   11.71 meV / A, RMSE_stress=None meV / A^3
2025-12-15 05:51:51.433 DEBUG: Deleting old checkpoint file: Model/multihead_finetuned_MACE_run-345_epoch-31.pt
2025-12-15 05:51:51.436 DEBUG: Saving checkpoint: Model/multihead_finetuned_MACE_run-345_epoch-32.pt
2025-12-15 05:52:36.958 INFO: Epoch 33: head: pt_head, loss=0.00092295, RMSE_E_per_atom=  166.76 meV, RMSE_F=  157.09 meV / A, RMSE_stress=   53.17 meV / A^3
2025-12-15 05:52:37.906 INFO: Epoch 33: head: Default, loss=0.00481991, RMSE_E_per_atom= 3825.12 meV, RMSE_F=   11.59 meV / A, RMSE_stress=None meV / A^3
2025-12-15 05:52:37.909 DEBUG: Deleting old checkpoint file: Model/multihead_finetuned_MACE_run-345_epoch-32.pt
2025-12-15 05:52:37.912 DEBUG: Saving checkpoint: Model/multihead_finetuned_MACE_run-345_epoch-33.pt
2025-12-15 05:53:23.619 INFO: Epoch 34: head: pt_head, loss=0.00092478, RMSE_E_per_atom=  171.69 meV, RMSE_F=  157.10 meV / A, RMSE_stress=   54.63 meV / A^3
2025-12-15 05:53:24.573 INFO: Epoch 34: head: Default, loss=0.00477304, RMSE_E_per_atom= 3788.08 meV, RMSE_F=   11.48 meV / A, RMSE_stress=None meV / A^3
2025-12-15 05:53:24.577 DEBUG: Deleting old checkpoint file: Model/multihead_finetuned_MACE_run-345_epoch-33.pt
2025-12-15 05:53:24.580 DEBUG: Saving checkpoint: Model/multihead_finetuned_MACE_run-345_epoch-34.pt
2025-12-15 05:54:10.381 INFO: Epoch 35: head: pt_head, loss=0.00092831, RMSE_E_per_atom=  176.91 meV, RMSE_F=  157.51 meV / A, RMSE_stress=   56.79 meV / A^3
2025-12-15 05:54:11.325 INFO: Epoch 35: head: Default, loss=0.00472488, RMSE_E_per_atom= 3749.96 meV, RMSE_F=   11.38 meV / A, RMSE_stress=None meV / A^3
2025-12-15 05:54:11.329 DEBUG: Deleting old checkpoint file: Model/multihead_finetuned_MACE_run-345_epoch-34.pt
2025-12-15 05:54:11.332 DEBUG: Saving checkpoint: Model/multihead_finetuned_MACE_run-345_epoch-35.pt
2025-12-15 05:54:56.949 INFO: Epoch 36: head: pt_head, loss=0.00093173, RMSE_E_per_atom=  182.23 meV, RMSE_F=  157.46 meV / A, RMSE_stress=   58.94 meV / A^3
2025-12-15 05:54:57.899 INFO: Epoch 36: head: Default, loss=0.00467583, RMSE_E_per_atom= 3711.12 meV, RMSE_F=   11.28 meV / A, RMSE_stress=None meV / A^3
2025-12-15 05:54:57.903 DEBUG: Deleting old checkpoint file: Model/multihead_finetuned_MACE_run-345_epoch-35.pt
2025-12-15 05:54:57.905 DEBUG: Saving checkpoint: Model/multihead_finetuned_MACE_run-345_epoch-36.pt
2025-12-15 05:55:43.365 INFO: Epoch 37: head: pt_head, loss=0.00093670, RMSE_E_per_atom=  187.64 meV, RMSE_F=  158.13 meV / A, RMSE_stress=   60.36 meV / A^3
2025-12-15 05:55:44.324 INFO: Epoch 37: head: Default, loss=0.00462543, RMSE_E_per_atom= 3671.08 meV, RMSE_F=   11.20 meV / A, RMSE_stress=None meV / A^3
2025-12-15 05:55:44.328 DEBUG: Deleting old checkpoint file: Model/multihead_finetuned_MACE_run-345_epoch-36.pt
2025-12-15 05:55:44.331 DEBUG: Saving checkpoint: Model/multihead_finetuned_MACE_run-345_epoch-37.pt
2025-12-15 05:56:30.175 INFO: Epoch 38: head: pt_head, loss=0.00094183, RMSE_E_per_atom=  193.43 meV, RMSE_F=  158.45 meV / A, RMSE_stress=   62.92 meV / A^3
2025-12-15 05:56:31.134 INFO: Epoch 38: head: Default, loss=0.00457322, RMSE_E_per_atom= 3629.61 meV, RMSE_F=   11.11 meV / A, RMSE_stress=None meV / A^3
2025-12-15 05:56:31.137 DEBUG: Deleting old checkpoint file: Model/multihead_finetuned_MACE_run-345_epoch-37.pt
2025-12-15 05:56:31.143 DEBUG: Saving checkpoint: Model/multihead_finetuned_MACE_run-345_epoch-38.pt
2025-12-15 05:57:16.808 INFO: Epoch 39: head: pt_head, loss=0.00094665, RMSE_E_per_atom=  198.80 meV, RMSE_F=  158.73 meV / A, RMSE_stress=   65.18 meV / A^3
2025-12-15 05:57:17.757 INFO: Epoch 39: head: Default, loss=0.00452265, RMSE_E_per_atom= 3589.43 meV, RMSE_F=   11.03 meV / A, RMSE_stress=None meV / A^3
2025-12-15 05:57:17.761 DEBUG: Deleting old checkpoint file: Model/multihead_finetuned_MACE_run-345_epoch-38.pt
2025-12-15 05:57:17.764 DEBUG: Saving checkpoint: Model/multihead_finetuned_MACE_run-345_epoch-39.pt
2025-12-15 05:58:03.310 INFO: Epoch 40: head: pt_head, loss=0.00095248, RMSE_E_per_atom=  204.54 meV, RMSE_F=  159.14 meV / A, RMSE_stress=   67.64 meV / A^3
2025-12-15 05:58:04.258 INFO: Epoch 40: head: Default, loss=0.00447027, RMSE_E_per_atom= 3547.75 meV, RMSE_F=   10.96 meV / A, RMSE_stress=None meV / A^3
2025-12-15 05:58:04.262 DEBUG: Deleting old checkpoint file: Model/multihead_finetuned_MACE_run-345_epoch-39.pt
2025-12-15 05:58:04.265 DEBUG: Saving checkpoint: Model/multihead_finetuned_MACE_run-345_epoch-40.pt
2025-12-15 05:58:50.077 INFO: Epoch 41: head: pt_head, loss=0.00095823, RMSE_E_per_atom=  210.29 meV, RMSE_F=  159.61 meV / A, RMSE_stress=   70.01 meV / A^3
2025-12-15 05:58:51.019 INFO: Epoch 41: head: Default, loss=0.00441688, RMSE_E_per_atom= 3505.20 meV, RMSE_F=   10.91 meV / A, RMSE_stress=None meV / A^3
2025-12-15 05:58:51.023 DEBUG: Deleting old checkpoint file: Model/multihead_finetuned_MACE_run-345_epoch-40.pt
2025-12-15 05:58:51.025 DEBUG: Saving checkpoint: Model/multihead_finetuned_MACE_run-345_epoch-41.pt
2025-12-15 05:59:36.334 INFO: Epoch 42: head: pt_head, loss=0.00096230, RMSE_E_per_atom=  216.35 meV, RMSE_F=  159.88 meV / A, RMSE_stress=   72.33 meV / A^3
2025-12-15 05:59:37.280 INFO: Epoch 42: head: Default, loss=0.00436210, RMSE_E_per_atom= 3461.50 meV, RMSE_F=   10.86 meV / A, RMSE_stress=None meV / A^3
2025-12-15 05:59:37.284 DEBUG: Deleting old checkpoint file: Model/multihead_finetuned_MACE_run-345_epoch-41.pt
2025-12-15 05:59:37.287 DEBUG: Saving checkpoint: Model/multihead_finetuned_MACE_run-345_epoch-42.pt
2025-12-15 06:00:23.007 INFO: Epoch 43: head: pt_head, loss=0.00096707, RMSE_E_per_atom=  222.26 meV, RMSE_F=  160.43 meV / A, RMSE_stress=   74.46 meV / A^3
2025-12-15 06:00:23.956 INFO: Epoch 43: head: Default, loss=0.00430782, RMSE_E_per_atom= 3418.20 meV, RMSE_F=   10.83 meV / A, RMSE_stress=None meV / A^3
2025-12-15 06:00:23.960 DEBUG: Deleting old checkpoint file: Model/multihead_finetuned_MACE_run-345_epoch-42.pt
2025-12-15 06:00:23.963 DEBUG: Saving checkpoint: Model/multihead_finetuned_MACE_run-345_epoch-43.pt
2025-12-15 06:01:09.882 INFO: Epoch 44: head: pt_head, loss=0.00097482, RMSE_E_per_atom=  228.24 meV, RMSE_F=  161.06 meV / A, RMSE_stress=   77.55 meV / A^3
2025-12-15 06:01:10.858 INFO: Epoch 44: head: Default, loss=0.00425223, RMSE_E_per_atom= 3373.79 meV, RMSE_F=   10.80 meV / A, RMSE_stress=None meV / A^3
2025-12-15 06:01:10.862 DEBUG: Deleting old checkpoint file: Model/multihead_finetuned_MACE_run-345_epoch-43.pt
2025-12-15 06:01:10.866 DEBUG: Saving checkpoint: Model/multihead_finetuned_MACE_run-345_epoch-44.pt
2025-12-15 06:01:56.409 INFO: Epoch 45: head: pt_head, loss=0.00097719, RMSE_E_per_atom=  234.14 meV, RMSE_F=  160.90 meV / A, RMSE_stress=   80.12 meV / A^3
2025-12-15 06:01:57.359 INFO: Epoch 45: head: Default, loss=0.00419691, RMSE_E_per_atom= 3329.58 meV, RMSE_F=   10.79 meV / A, RMSE_stress=None meV / A^3
2025-12-15 06:01:57.363 DEBUG: Deleting old checkpoint file: Model/multihead_finetuned_MACE_run-345_epoch-44.pt
2025-12-15 06:01:57.367 DEBUG: Saving checkpoint: Model/multihead_finetuned_MACE_run-345_epoch-45.pt
2025-12-15 06:02:43.003 INFO: Epoch 46: head: pt_head, loss=0.00098377, RMSE_E_per_atom=  240.21 meV, RMSE_F=  161.39 meV / A, RMSE_stress=   82.64 meV / A^3
2025-12-15 06:02:43.950 INFO: Epoch 46: head: Default, loss=0.00414067, RMSE_E_per_atom= 3284.58 meV, RMSE_F=   10.78 meV / A, RMSE_stress=None meV / A^3
2025-12-15 06:02:43.955 DEBUG: Deleting old checkpoint file: Model/multihead_finetuned_MACE_run-345_epoch-45.pt
2025-12-15 06:02:43.957 DEBUG: Saving checkpoint: Model/multihead_finetuned_MACE_run-345_epoch-46.pt
2025-12-15 06:03:29.533 INFO: Epoch 47: head: pt_head, loss=0.00099036, RMSE_E_per_atom=  246.53 meV, RMSE_F=  161.97 meV / A, RMSE_stress=   85.33 meV / A^3
2025-12-15 06:03:30.485 INFO: Epoch 47: head: Default, loss=0.00408263, RMSE_E_per_atom= 3238.01 meV, RMSE_F=   10.78 meV / A, RMSE_stress=None meV / A^3
2025-12-15 06:03:30.489 DEBUG: Deleting old checkpoint file: Model/multihead_finetuned_MACE_run-345_epoch-46.pt
2025-12-15 06:03:30.491 DEBUG: Saving checkpoint: Model/multihead_finetuned_MACE_run-345_epoch-47.pt
2025-12-15 06:04:16.292 INFO: Epoch 48: head: pt_head, loss=0.00099760, RMSE_E_per_atom=  253.05 meV, RMSE_F=  162.49 meV / A, RMSE_stress=   87.70 meV / A^3
2025-12-15 06:04:17.245 INFO: Epoch 48: head: Default, loss=0.00402361, RMSE_E_per_atom= 3190.58 meV, RMSE_F=   10.82 meV / A, RMSE_stress=None meV / A^3
2025-12-15 06:04:17.249 DEBUG: Deleting old checkpoint file: Model/multihead_finetuned_MACE_run-345_epoch-47.pt
2025-12-15 06:04:17.252 DEBUG: Saving checkpoint: Model/multihead_finetuned_MACE_run-345_epoch-48.pt
2025-12-15 06:05:02.505 INFO: Epoch 49: head: pt_head, loss=0.00100376, RMSE_E_per_atom=  259.69 meV, RMSE_F=  162.75 meV / A, RMSE_stress=   91.11 meV / A^3
2025-12-15 06:05:03.454 INFO: Epoch 49: head: Default, loss=0.00396259, RMSE_E_per_atom= 3141.44 meV, RMSE_F=   10.86 meV / A, RMSE_stress=None meV / A^3
2025-12-15 06:05:03.460 DEBUG: Deleting old checkpoint file: Model/multihead_finetuned_MACE_run-345_epoch-48.pt
2025-12-15 06:05:03.462 DEBUG: Saving checkpoint: Model/multihead_finetuned_MACE_run-345_epoch-49.pt
2025-12-15 06:05:48.874 INFO: Epoch 50: head: pt_head, loss=0.00101072, RMSE_E_per_atom=  266.09 meV, RMSE_F=  163.24 meV / A, RMSE_stress=   94.22 meV / A^3
2025-12-15 06:05:49.838 INFO: Epoch 50: head: Default, loss=0.00390278, RMSE_E_per_atom= 3093.41 meV, RMSE_F=   10.90 meV / A, RMSE_stress=None meV / A^3
2025-12-15 06:05:49.846 DEBUG: Deleting old checkpoint file: Model/multihead_finetuned_MACE_run-345_epoch-49.pt
2025-12-15 06:05:49.853 DEBUG: Saving checkpoint: Model/multihead_finetuned_MACE_run-345_epoch-50.pt
2025-12-15 06:06:35.513 INFO: Epoch 51: head: pt_head, loss=0.00101980, RMSE_E_per_atom=  272.74 meV, RMSE_F=  164.02 meV / A, RMSE_stress=   97.93 meV / A^3
2025-12-15 06:06:36.465 INFO: Epoch 51: head: Default, loss=0.00384154, RMSE_E_per_atom= 3044.14 meV, RMSE_F=   10.96 meV / A, RMSE_stress=None meV / A^3
2025-12-15 06:06:36.469 DEBUG: Deleting old checkpoint file: Model/multihead_finetuned_MACE_run-345_epoch-50.pt
2025-12-15 06:06:36.472 DEBUG: Saving checkpoint: Model/multihead_finetuned_MACE_run-345_epoch-51.pt
2025-12-15 06:07:22.171 INFO: Epoch 52: head: pt_head, loss=0.00102638, RMSE_E_per_atom=  279.65 meV, RMSE_F=  164.37 meV / A, RMSE_stress=  100.18 meV / A^3
2025-12-15 06:07:23.118 INFO: Epoch 52: head: Default, loss=0.00377826, RMSE_E_per_atom= 2993.07 meV, RMSE_F=   11.03 meV / A, RMSE_stress=None meV / A^3
2025-12-15 06:07:23.122 DEBUG: Deleting old checkpoint file: Model/multihead_finetuned_MACE_run-345_epoch-51.pt
2025-12-15 06:07:23.125 DEBUG: Saving checkpoint: Model/multihead_finetuned_MACE_run-345_epoch-52.pt
2025-12-15 06:08:08.556 INFO: Epoch 53: head: pt_head, loss=0.00103153, RMSE_E_per_atom=  286.51 meV, RMSE_F=  164.76 meV / A, RMSE_stress=  102.65 meV / A^3
2025-12-15 06:08:09.505 INFO: Epoch 53: head: Default, loss=0.00371531, RMSE_E_per_atom= 2942.37 meV, RMSE_F=   11.11 meV / A, RMSE_stress=None meV / A^3
2025-12-15 06:08:09.510 DEBUG: Deleting old checkpoint file: Model/multihead_finetuned_MACE_run-345_epoch-52.pt
2025-12-15 06:08:09.513 DEBUG: Saving checkpoint: Model/multihead_finetuned_MACE_run-345_epoch-53.pt
2025-12-15 06:08:55.427 INFO: Epoch 54: head: pt_head, loss=0.00103975, RMSE_E_per_atom=  293.47 meV, RMSE_F=  165.37 meV / A, RMSE_stress=  105.70 meV / A^3
2025-12-15 06:08:56.378 INFO: Epoch 54: head: Default, loss=0.00365099, RMSE_E_per_atom= 2890.42 meV, RMSE_F=   11.21 meV / A, RMSE_stress=None meV / A^3
2025-12-15 06:08:56.383 DEBUG: Deleting old checkpoint file: Model/multihead_finetuned_MACE_run-345_epoch-53.pt
2025-12-15 06:08:56.386 DEBUG: Saving checkpoint: Model/multihead_finetuned_MACE_run-345_epoch-54.pt
2025-12-15 06:09:42.001 INFO: Epoch 55: head: pt_head, loss=0.00104565, RMSE_E_per_atom=  300.70 meV, RMSE_F=  165.86 meV / A, RMSE_stress=  108.17 meV / A^3
2025-12-15 06:09:42.957 INFO: Epoch 55: head: Default, loss=0.00358526, RMSE_E_per_atom= 2837.19 meV, RMSE_F=   11.33 meV / A, RMSE_stress=None meV / A^3
2025-12-15 06:09:42.961 DEBUG: Deleting old checkpoint file: Model/multihead_finetuned_MACE_run-345_epoch-54.pt
2025-12-15 06:09:42.964 DEBUG: Saving checkpoint: Model/multihead_finetuned_MACE_run-345_epoch-55.pt
2025-12-15 06:10:28.692 INFO: Epoch 56: head: pt_head, loss=0.00105403, RMSE_E_per_atom=  307.76 meV, RMSE_F=  166.47 meV / A, RMSE_stress=  110.93 meV / A^3
2025-12-15 06:10:29.649 INFO: Epoch 56: head: Default, loss=0.00351968, RMSE_E_per_atom= 2784.16 meV, RMSE_F=   11.44 meV / A, RMSE_stress=None meV / A^3
2025-12-15 06:10:29.655 DEBUG: Deleting old checkpoint file: Model/multihead_finetuned_MACE_run-345_epoch-55.pt
2025-12-15 06:10:29.658 DEBUG: Saving checkpoint: Model/multihead_finetuned_MACE_run-345_epoch-56.pt
2025-12-15 06:11:15.294 INFO: Epoch 57: head: pt_head, loss=0.00106210, RMSE_E_per_atom=  315.07 meV, RMSE_F=  167.15 meV / A, RMSE_stress=  114.98 meV / A^3
2025-12-15 06:11:16.241 INFO: Epoch 57: head: Default, loss=0.00345274, RMSE_E_per_atom= 2729.86 meV, RMSE_F=   11.58 meV / A, RMSE_stress=None meV / A^3
2025-12-15 06:11:16.245 DEBUG: Deleting old checkpoint file: Model/multihead_finetuned_MACE_run-345_epoch-56.pt
2025-12-15 06:11:16.248 DEBUG: Saving checkpoint: Model/multihead_finetuned_MACE_run-345_epoch-57.pt
2025-12-15 06:12:01.762 INFO: Epoch 58: head: pt_head, loss=0.00107021, RMSE_E_per_atom=  322.41 meV, RMSE_F=  167.64 meV / A, RMSE_stress=  118.66 meV / A^3
2025-12-15 06:12:02.710 INFO: Epoch 58: head: Default, loss=0.00338549, RMSE_E_per_atom= 2675.31 meV, RMSE_F=   11.73 meV / A, RMSE_stress=None meV / A^3
2025-12-15 06:12:02.714 DEBUG: Deleting old checkpoint file: Model/multihead_finetuned_MACE_run-345_epoch-57.pt
2025-12-15 06:12:02.717 DEBUG: Saving checkpoint: Model/multihead_finetuned_MACE_run-345_epoch-58.pt
2025-12-15 06:12:48.146 INFO: Epoch 59: head: pt_head, loss=0.00107424, RMSE_E_per_atom=  329.89 meV, RMSE_F=  167.90 meV / A, RMSE_stress=  122.46 meV / A^3
2025-12-15 06:12:49.098 INFO: Epoch 59: head: Default, loss=0.00331683, RMSE_E_per_atom= 2619.65 meV, RMSE_F=   11.89 meV / A, RMSE_stress=None meV / A^3
2025-12-15 06:12:49.103 DEBUG: Deleting old checkpoint file: Model/multihead_finetuned_MACE_run-345_epoch-58.pt
2025-12-15 06:12:49.105 DEBUG: Saving checkpoint: Model/multihead_finetuned_MACE_run-345_epoch-59.pt
2025-12-15 06:13:34.814 INFO: Epoch 60: head: pt_head, loss=0.00108518, RMSE_E_per_atom=  337.22 meV, RMSE_F=  169.10 meV / A, RMSE_stress=  125.83 meV / A^3
2025-12-15 06:13:35.760 INFO: Epoch 60: head: Default, loss=0.00324816, RMSE_E_per_atom= 2564.03 meV, RMSE_F=   12.03 meV / A, RMSE_stress=None meV / A^3
2025-12-15 06:13:35.764 DEBUG: Deleting old checkpoint file: Model/multihead_finetuned_MACE_run-345_epoch-59.pt
2025-12-15 06:13:35.767 DEBUG: Saving checkpoint: Model/multihead_finetuned_MACE_run-345_epoch-60.pt
2025-12-15 06:14:21.240 INFO: Epoch 61: head: pt_head, loss=0.00109485, RMSE_E_per_atom=  344.56 meV, RMSE_F=  170.08 meV / A, RMSE_stress=  129.84 meV / A^3
2025-12-15 06:14:22.201 INFO: Epoch 61: head: Default, loss=0.00317956, RMSE_E_per_atom= 2508.37 meV, RMSE_F=   12.20 meV / A, RMSE_stress=None meV / A^3
2025-12-15 06:14:22.207 DEBUG: Deleting old checkpoint file: Model/multihead_finetuned_MACE_run-345_epoch-60.pt
2025-12-15 06:14:22.211 DEBUG: Saving checkpoint: Model/multihead_finetuned_MACE_run-345_epoch-61.pt
2025-12-15 06:15:07.752 INFO: Epoch 62: head: pt_head, loss=0.00110345, RMSE_E_per_atom=  352.16 meV, RMSE_F=  170.98 meV / A, RMSE_stress=  132.73 meV / A^3
2025-12-15 06:15:08.700 INFO: Epoch 62: head: Default, loss=0.00310930, RMSE_E_per_atom= 2451.11 meV, RMSE_F=   12.41 meV / A, RMSE_stress=None meV / A^3
2025-12-15 06:15:08.704 DEBUG: Deleting old checkpoint file: Model/multihead_finetuned_MACE_run-345_epoch-61.pt
2025-12-15 06:15:08.707 DEBUG: Saving checkpoint: Model/multihead_finetuned_MACE_run-345_epoch-62.pt
2025-12-15 06:15:54.278 INFO: Epoch 63: head: pt_head, loss=0.00111205, RMSE_E_per_atom=  359.95 meV, RMSE_F=  171.85 meV / A, RMSE_stress=  135.84 meV / A^3
2025-12-15 06:15:55.226 INFO: Epoch 63: head: Default, loss=0.00303718, RMSE_E_per_atom= 2392.32 meV, RMSE_F=   12.61 meV / A, RMSE_stress=None meV / A^3
2025-12-15 06:15:55.229 DEBUG: Deleting old checkpoint file: Model/multihead_finetuned_MACE_run-345_epoch-62.pt
2025-12-15 06:15:55.232 DEBUG: Saving checkpoint: Model/multihead_finetuned_MACE_run-345_epoch-63.pt
2025-12-15 06:16:40.681 INFO: Epoch 64: head: pt_head, loss=0.00111964, RMSE_E_per_atom=  367.58 meV, RMSE_F=  172.46 meV / A, RMSE_stress=  139.86 meV / A^3
2025-12-15 06:16:41.626 INFO: Epoch 64: head: Default, loss=0.00296582, RMSE_E_per_atom= 2334.22 meV, RMSE_F=   12.82 meV / A, RMSE_stress=None meV / A^3
2025-12-15 06:16:41.630 DEBUG: Deleting old checkpoint file: Model/multihead_finetuned_MACE_run-345_epoch-63.pt
2025-12-15 06:16:41.633 DEBUG: Saving checkpoint: Model/multihead_finetuned_MACE_run-345_epoch-64.pt
2025-12-15 06:17:27.403 INFO: Epoch 65: head: pt_head, loss=0.00112858, RMSE_E_per_atom=  375.55 meV, RMSE_F=  173.43 meV / A, RMSE_stress=  143.25 meV / A^3
2025-12-15 06:17:28.364 INFO: Epoch 65: head: Default, loss=0.00289182, RMSE_E_per_atom= 2273.84 meV, RMSE_F=   13.04 meV / A, RMSE_stress=None meV / A^3
2025-12-15 06:17:28.368 DEBUG: Deleting old checkpoint file: Model/multihead_finetuned_MACE_run-345_epoch-64.pt
2025-12-15 06:17:28.371 DEBUG: Saving checkpoint: Model/multihead_finetuned_MACE_run-345_epoch-65.pt
2025-12-15 06:18:14.266 INFO: Epoch 66: head: pt_head, loss=0.00113677, RMSE_E_per_atom=  383.62 meV, RMSE_F=  173.96 meV / A, RMSE_stress=  147.37 meV / A^3
2025-12-15 06:18:15.219 INFO: Epoch 66: head: Default, loss=0.00281698, RMSE_E_per_atom= 2212.69 meV, RMSE_F=   13.29 meV / A, RMSE_stress=None meV / A^3
2025-12-15 06:18:15.223 DEBUG: Deleting old checkpoint file: Model/multihead_finetuned_MACE_run-345_epoch-65.pt
2025-12-15 06:18:15.226 DEBUG: Saving checkpoint: Model/multihead_finetuned_MACE_run-345_epoch-66.pt
2025-12-15 06:19:00.977 INFO: Epoch 67: head: pt_head, loss=0.00114865, RMSE_E_per_atom=  391.90 meV, RMSE_F=  175.10 meV / A, RMSE_stress=  150.92 meV / A^3
2025-12-15 06:19:01.927 INFO: Epoch 67: head: Default, loss=0.00274010, RMSE_E_per_atom= 2149.86 meV, RMSE_F=   13.55 meV / A, RMSE_stress=None meV / A^3
2025-12-15 06:19:01.932 DEBUG: Deleting old checkpoint file: Model/multihead_finetuned_MACE_run-345_epoch-66.pt
2025-12-15 06:19:01.938 DEBUG: Saving checkpoint: Model/multihead_finetuned_MACE_run-345_epoch-67.pt
2025-12-15 06:19:47.603 INFO: Epoch 68: head: pt_head, loss=0.00115764, RMSE_E_per_atom=  400.20 meV, RMSE_F=  175.75 meV / A, RMSE_stress=  154.94 meV / A^3
2025-12-15 06:19:48.566 INFO: Epoch 68: head: Default, loss=0.00266280, RMSE_E_per_atom= 2086.53 meV, RMSE_F=   13.83 meV / A, RMSE_stress=None meV / A^3
2025-12-15 06:19:48.572 DEBUG: Deleting old checkpoint file: Model/multihead_finetuned_MACE_run-345_epoch-67.pt
2025-12-15 06:19:48.577 DEBUG: Saving checkpoint: Model/multihead_finetuned_MACE_run-345_epoch-68.pt
2025-12-15 06:20:34.221 INFO: Epoch 69: head: pt_head, loss=0.00116830, RMSE_E_per_atom=  408.68 meV, RMSE_F=  176.71 meV / A, RMSE_stress=  158.89 meV / A^3
2025-12-15 06:20:35.174 INFO: Epoch 69: head: Default, loss=0.00258391, RMSE_E_per_atom= 2022.10 meV, RMSE_F=   14.10 meV / A, RMSE_stress=None meV / A^3
2025-12-15 06:20:35.179 DEBUG: Deleting old checkpoint file: Model/multihead_finetuned_MACE_run-345_epoch-68.pt
2025-12-15 06:20:35.183 DEBUG: Saving checkpoint: Model/multihead_finetuned_MACE_run-345_epoch-69.pt
2025-12-15 06:21:20.883 INFO: Epoch 70: head: pt_head, loss=0.00117881, RMSE_E_per_atom=  417.19 meV, RMSE_F=  177.56 meV / A, RMSE_stress=  163.51 meV / A^3
2025-12-15 06:21:21.826 INFO: Epoch 70: head: Default, loss=0.00250477, RMSE_E_per_atom= 1957.44 meV, RMSE_F=   14.34 meV / A, RMSE_stress=None meV / A^3
2025-12-15 06:21:21.830 DEBUG: Deleting old checkpoint file: Model/multihead_finetuned_MACE_run-345_epoch-69.pt
2025-12-15 06:21:21.832 DEBUG: Saving checkpoint: Model/multihead_finetuned_MACE_run-345_epoch-70.pt
2025-12-15 06:22:07.355 INFO: Epoch 71: head: pt_head, loss=0.00118645, RMSE_E_per_atom=  425.44 meV, RMSE_F=  178.16 meV / A, RMSE_stress=  167.25 meV / A^3
2025-12-15 06:22:08.302 INFO: Epoch 71: head: Default, loss=0.00242646, RMSE_E_per_atom= 1893.50 meV, RMSE_F=   14.60 meV / A, RMSE_stress=None meV / A^3
2025-12-15 06:22:08.307 DEBUG: Deleting old checkpoint file: Model/multihead_finetuned_MACE_run-345_epoch-70.pt
2025-12-15 06:22:08.309 DEBUG: Saving checkpoint: Model/multihead_finetuned_MACE_run-345_epoch-71.pt
2025-12-15 06:22:54.131 INFO: Epoch 72: head: pt_head, loss=0.00119356, RMSE_E_per_atom=  433.63 meV, RMSE_F=  178.60 meV / A, RMSE_stress=  171.15 meV / A^3
2025-12-15 06:22:55.079 INFO: Epoch 72: head: Default, loss=0.00234785, RMSE_E_per_atom= 1829.39 meV, RMSE_F=   14.86 meV / A, RMSE_stress=None meV / A^3
2025-12-15 06:22:55.083 DEBUG: Deleting old checkpoint file: Model/multihead_finetuned_MACE_run-345_epoch-71.pt
2025-12-15 06:22:55.086 DEBUG: Saving checkpoint: Model/multihead_finetuned_MACE_run-345_epoch-72.pt
2025-12-15 06:23:40.798 INFO: Epoch 73: head: pt_head, loss=0.00120255, RMSE_E_per_atom=  442.39 meV, RMSE_F=  179.28 meV / A, RMSE_stress=  175.33 meV / A^3
2025-12-15 06:23:41.749 INFO: Epoch 73: head: Default, loss=0.00226635, RMSE_E_per_atom= 1762.68 meV, RMSE_F=   15.16 meV / A, RMSE_stress=None meV / A^3
2025-12-15 06:23:41.753 DEBUG: Deleting old checkpoint file: Model/multihead_finetuned_MACE_run-345_epoch-72.pt
2025-12-15 06:23:41.756 DEBUG: Saving checkpoint: Model/multihead_finetuned_MACE_run-345_epoch-73.pt
2025-12-15 06:24:27.284 INFO: Epoch 74: head: pt_head, loss=0.00121178, RMSE_E_per_atom=  451.03 meV, RMSE_F=  179.85 meV / A, RMSE_stress=  179.83 meV / A^3
2025-12-15 06:24:28.251 INFO: Epoch 74: head: Default, loss=0.00218461, RMSE_E_per_atom= 1695.78 meV, RMSE_F=   15.47 meV / A, RMSE_stress=None meV / A^3
2025-12-15 06:24:28.256 DEBUG: Deleting old checkpoint file: Model/multihead_finetuned_MACE_run-345_epoch-73.pt
2025-12-15 06:24:28.262 DEBUG: Saving checkpoint: Model/multihead_finetuned_MACE_run-345_epoch-74.pt
2025-12-15 06:25:14.057 INFO: Epoch 75: head: pt_head, loss=0.00122206, RMSE_E_per_atom=  459.87 meV, RMSE_F=  180.61 meV / A, RMSE_stress=  184.75 meV / A^3
2025-12-15 06:25:15.005 INFO: Epoch 75: head: Default, loss=0.00210123, RMSE_E_per_atom= 1627.57 meV, RMSE_F=   15.79 meV / A, RMSE_stress=None meV / A^3
2025-12-15 06:25:15.009 DEBUG: Deleting old checkpoint file: Model/multihead_finetuned_MACE_run-345_epoch-74.pt
2025-12-15 06:25:15.012 DEBUG: Saving checkpoint: Model/multihead_finetuned_MACE_run-345_epoch-75.pt
2025-12-15 06:26:00.352 INFO: Epoch 76: head: pt_head, loss=0.00123171, RMSE_E_per_atom=  468.98 meV, RMSE_F=  181.41 meV / A, RMSE_stress=  189.04 meV / A^3
2025-12-15 06:26:01.299 INFO: Epoch 76: head: Default, loss=0.00201587, RMSE_E_per_atom= 1557.48 meV, RMSE_F=   16.15 meV / A, RMSE_stress=None meV / A^3
2025-12-15 06:26:01.304 DEBUG: Deleting old checkpoint file: Model/multihead_finetuned_MACE_run-345_epoch-75.pt
2025-12-15 06:26:01.308 DEBUG: Saving checkpoint: Model/multihead_finetuned_MACE_run-345_epoch-76.pt
2025-12-15 06:26:46.998 INFO: Epoch 77: head: pt_head, loss=0.00124111, RMSE_E_per_atom=  478.14 meV, RMSE_F=  182.19 meV / A, RMSE_stress=  192.86 meV / A^3
2025-12-15 06:26:47.941 INFO: Epoch 77: head: Default, loss=0.00192926, RMSE_E_per_atom= 1486.46 meV, RMSE_F=   16.51 meV / A, RMSE_stress=None meV / A^3
2025-12-15 06:26:47.945 DEBUG: Deleting old checkpoint file: Model/multihead_finetuned_MACE_run-345_epoch-76.pt
2025-12-15 06:26:47.948 DEBUG: Saving checkpoint: Model/multihead_finetuned_MACE_run-345_epoch-77.pt
2025-12-15 06:27:33.462 INFO: Epoch 78: head: pt_head, loss=0.00125232, RMSE_E_per_atom=  487.68 meV, RMSE_F=  182.87 meV / A, RMSE_stress=  198.90 meV / A^3
2025-12-15 06:27:34.405 INFO: Epoch 78: head: Default, loss=0.00184059, RMSE_E_per_atom= 1413.41 meV, RMSE_F=   16.92 meV / A, RMSE_stress=None meV / A^3
2025-12-15 06:27:34.409 DEBUG: Deleting old checkpoint file: Model/multihead_finetuned_MACE_run-345_epoch-77.pt
2025-12-15 06:27:34.412 DEBUG: Saving checkpoint: Model/multihead_finetuned_MACE_run-345_epoch-78.pt
2025-12-15 06:28:19.887 INFO: Epoch 79: head: pt_head, loss=0.00126060, RMSE_E_per_atom=  497.20 meV, RMSE_F=  183.53 meV / A, RMSE_stress=  203.54 meV / A^3
2025-12-15 06:28:20.833 INFO: Epoch 79: head: Default, loss=0.00175076, RMSE_E_per_atom= 1339.61 meV, RMSE_F=   17.32 meV / A, RMSE_stress=None meV / A^3
2025-12-15 06:28:20.836 DEBUG: Deleting old checkpoint file: Model/multihead_finetuned_MACE_run-345_epoch-78.pt
2025-12-15 06:28:20.839 DEBUG: Saving checkpoint: Model/multihead_finetuned_MACE_run-345_epoch-79.pt
2025-12-15 06:29:06.287 INFO: Epoch 80: head: pt_head, loss=0.00127061, RMSE_E_per_atom=  506.85 meV, RMSE_F=  184.28 meV / A, RMSE_stress=  207.96 meV / A^3
2025-12-15 06:29:07.246 INFO: Epoch 80: head: Default, loss=0.00165909, RMSE_E_per_atom= 1264.04 meV, RMSE_F=   17.75 meV / A, RMSE_stress=None meV / A^3
2025-12-15 06:29:07.251 DEBUG: Deleting old checkpoint file: Model/multihead_finetuned_MACE_run-345_epoch-79.pt
2025-12-15 06:29:07.257 DEBUG: Saving checkpoint: Model/multihead_finetuned_MACE_run-345_epoch-80.pt
2025-12-15 06:29:52.786 INFO: Epoch 81: head: pt_head, loss=0.00127944, RMSE_E_per_atom=  516.43 meV, RMSE_F=  185.07 meV / A, RMSE_stress=  211.51 meV / A^3
2025-12-15 06:29:53.729 INFO: Epoch 81: head: Default, loss=0.00156677, RMSE_E_per_atom= 1188.32 meV, RMSE_F=   18.14 meV / A, RMSE_stress=None meV / A^3
2025-12-15 06:29:53.733 DEBUG: Deleting old checkpoint file: Model/multihead_finetuned_MACE_run-345_epoch-80.pt
2025-12-15 06:29:53.736 DEBUG: Saving checkpoint: Model/multihead_finetuned_MACE_run-345_epoch-81.pt
2025-12-15 06:30:39.234 INFO: Epoch 82: head: pt_head, loss=0.00128925, RMSE_E_per_atom=  526.57 meV, RMSE_F=  185.84 meV / A, RMSE_stress=  216.52 meV / A^3
2025-12-15 06:30:40.180 INFO: Epoch 82: head: Default, loss=0.00147105, RMSE_E_per_atom= 1109.39 meV, RMSE_F=   18.60 meV / A, RMSE_stress=None meV / A^3
2025-12-15 06:30:40.184 DEBUG: Deleting old checkpoint file: Model/multihead_finetuned_MACE_run-345_epoch-81.pt
2025-12-15 06:30:40.187 DEBUG: Saving checkpoint: Model/multihead_finetuned_MACE_run-345_epoch-82.pt
2025-12-15 06:31:25.847 INFO: Epoch 83: head: pt_head, loss=0.00129995, RMSE_E_per_atom=  536.65 meV, RMSE_F=  186.77 meV / A, RMSE_stress=  220.79 meV / A^3
2025-12-15 06:31:26.800 INFO: Epoch 83: head: Default, loss=0.00137485, RMSE_E_per_atom= 1030.27 meV, RMSE_F=   19.05 meV / A, RMSE_stress=None meV / A^3
2025-12-15 06:31:26.805 DEBUG: Deleting old checkpoint file: Model/multihead_finetuned_MACE_run-345_epoch-82.pt
2025-12-15 06:31:26.807 DEBUG: Saving checkpoint: Model/multihead_finetuned_MACE_run-345_epoch-83.pt
2025-12-15 06:32:12.491 INFO: Epoch 84: head: pt_head, loss=0.00130935, RMSE_E_per_atom=  546.86 meV, RMSE_F=  187.56 meV / A, RMSE_stress=  224.87 meV / A^3
2025-12-15 06:32:13.437 INFO: Epoch 84: head: Default, loss=0.00127657, RMSE_E_per_atom=  949.47 meV, RMSE_F=   19.51 meV / A, RMSE_stress=None meV / A^3
2025-12-15 06:32:13.441 DEBUG: Deleting old checkpoint file: Model/multihead_finetuned_MACE_run-345_epoch-83.pt
2025-12-15 06:32:13.444 DEBUG: Saving checkpoint: Model/multihead_finetuned_MACE_run-345_epoch-84.pt
2025-12-15 06:32:58.972 INFO: Epoch 85: head: pt_head, loss=0.00131957, RMSE_E_per_atom=  557.35 meV, RMSE_F=  188.22 meV / A, RMSE_stress=  229.15 meV / A^3
2025-12-15 06:32:59.919 INFO: Epoch 85: head: Default, loss=0.00117611, RMSE_E_per_atom=  866.62 meV, RMSE_F=   20.01 meV / A, RMSE_stress=None meV / A^3
2025-12-15 06:32:59.924 DEBUG: Deleting old checkpoint file: Model/multihead_finetuned_MACE_run-345_epoch-84.pt
2025-12-15 06:32:59.926 DEBUG: Saving checkpoint: Model/multihead_finetuned_MACE_run-345_epoch-85.pt
2025-12-15 06:33:45.707 INFO: Epoch 86: head: pt_head, loss=0.00132974, RMSE_E_per_atom=  566.98 meV, RMSE_F=  189.11 meV / A, RMSE_stress=  233.64 meV / A^3
2025-12-15 06:33:46.673 INFO: Epoch 86: head: Default, loss=0.00108049, RMSE_E_per_atom=  788.47 meV, RMSE_F=   20.41 meV / A, RMSE_stress=None meV / A^3
2025-12-15 06:33:46.677 DEBUG: Deleting old checkpoint file: Model/multihead_finetuned_MACE_run-345_epoch-85.pt
2025-12-15 06:33:46.681 DEBUG: Saving checkpoint: Model/multihead_finetuned_MACE_run-345_epoch-86.pt
2025-12-15 06:34:32.363 INFO: Epoch 87: head: pt_head, loss=0.00133736, RMSE_E_per_atom=  575.31 meV, RMSE_F=  190.00 meV / A, RMSE_stress=  236.19 meV / A^3
2025-12-15 06:34:33.312 INFO: Epoch 87: head: Default, loss=0.00099266, RMSE_E_per_atom=  717.48 meV, RMSE_F=   20.70 meV / A, RMSE_stress=None meV / A^3
2025-12-15 06:34:33.316 DEBUG: Deleting old checkpoint file: Model/multihead_finetuned_MACE_run-345_epoch-86.pt
2025-12-15 06:34:33.319 DEBUG: Saving checkpoint: Model/multihead_finetuned_MACE_run-345_epoch-87.pt
2025-12-15 06:35:18.974 INFO: Epoch 88: head: pt_head, loss=0.00134443, RMSE_E_per_atom=  582.57 meV, RMSE_F=  190.74 meV / A, RMSE_stress=  239.48 meV / A^3
2025-12-15 06:35:19.928 INFO: Epoch 88: head: Default, loss=0.00091211, RMSE_E_per_atom=  653.10 meV, RMSE_F=   20.91 meV / A, RMSE_stress=None meV / A^3
2025-12-15 06:35:19.933 DEBUG: Deleting old checkpoint file: Model/multihead_finetuned_MACE_run-345_epoch-87.pt
2025-12-15 06:35:19.936 DEBUG: Saving checkpoint: Model/multihead_finetuned_MACE_run-345_epoch-88.pt
2025-12-15 06:36:05.593 INFO: Epoch 89: head: pt_head, loss=0.00134978, RMSE_E_per_atom=  588.87 meV, RMSE_F=  191.33 meV / A, RMSE_stress=  242.11 meV / A^3
2025-12-15 06:36:06.539 INFO: Epoch 89: head: Default, loss=0.00083847, RMSE_E_per_atom=  594.82 meV, RMSE_F=   21.03 meV / A, RMSE_stress=None meV / A^3
2025-12-15 06:36:06.543 DEBUG: Deleting old checkpoint file: Model/multihead_finetuned_MACE_run-345_epoch-88.pt
2025-12-15 06:36:06.546 DEBUG: Saving checkpoint: Model/multihead_finetuned_MACE_run-345_epoch-89.pt
2025-12-15 06:36:52.074 INFO: Epoch 90: head: pt_head, loss=0.00135360, RMSE_E_per_atom=  594.28 meV, RMSE_F=  191.63 meV / A, RMSE_stress=  244.61 meV / A^3
2025-12-15 06:36:53.021 INFO: Epoch 90: head: Default, loss=0.00077088, RMSE_E_per_atom=  542.01 meV, RMSE_F=   21.07 meV / A, RMSE_stress=None meV / A^3
2025-12-15 06:36:53.026 DEBUG: Deleting old checkpoint file: Model/multihead_finetuned_MACE_run-345_epoch-89.pt
2025-12-15 06:36:53.029 DEBUG: Saving checkpoint: Model/multihead_finetuned_MACE_run-345_epoch-90.pt
2025-12-15 06:37:38.481 INFO: Epoch 91: head: pt_head, loss=0.00135492, RMSE_E_per_atom=  598.85 meV, RMSE_F=  191.72 meV / A, RMSE_stress=  245.73 meV / A^3
2025-12-15 06:37:39.447 INFO: Epoch 91: head: Default, loss=0.00070906, RMSE_E_per_atom=  494.13 meV, RMSE_F=   21.06 meV / A, RMSE_stress=None meV / A^3
2025-12-15 06:37:39.452 DEBUG: Deleting old checkpoint file: Model/multihead_finetuned_MACE_run-345_epoch-90.pt
2025-12-15 06:37:39.458 DEBUG: Saving checkpoint: Model/multihead_finetuned_MACE_run-345_epoch-91.pt
2025-12-15 06:38:25.088 INFO: Epoch 92: head: pt_head, loss=0.00135826, RMSE_E_per_atom=  602.93 meV, RMSE_F=  191.78 meV / A, RMSE_stress=  249.08 meV / A^3
2025-12-15 06:38:26.037 INFO: Epoch 92: head: Default, loss=0.00065298, RMSE_E_per_atom=  450.80 meV, RMSE_F=   21.03 meV / A, RMSE_stress=None meV / A^3
2025-12-15 06:38:26.041 DEBUG: Deleting old checkpoint file: Model/multihead_finetuned_MACE_run-345_epoch-91.pt
2025-12-15 06:38:26.044 DEBUG: Saving checkpoint: Model/multihead_finetuned_MACE_run-345_epoch-92.pt
2025-12-15 06:39:11.696 INFO: Epoch 93: head: pt_head, loss=0.00135798, RMSE_E_per_atom=  606.14 meV, RMSE_F=  191.87 meV / A, RMSE_stress=  249.45 meV / A^3
2025-12-15 06:39:12.640 INFO: Epoch 93: head: Default, loss=0.00060186, RMSE_E_per_atom=  411.49 meV, RMSE_F=   21.00 meV / A, RMSE_stress=None meV / A^3
2025-12-15 06:39:12.644 DEBUG: Deleting old checkpoint file: Model/multihead_finetuned_MACE_run-345_epoch-92.pt
2025-12-15 06:39:12.647 DEBUG: Saving checkpoint: Model/multihead_finetuned_MACE_run-345_epoch-93.pt
2025-12-15 06:39:58.253 INFO: Epoch 94: head: pt_head, loss=0.00135705, RMSE_E_per_atom=  608.87 meV, RMSE_F=  191.69 meV / A, RMSE_stress=  250.01 meV / A^3
2025-12-15 06:39:59.200 INFO: Epoch 94: head: Default, loss=0.00055534, RMSE_E_per_atom=  375.86 meV, RMSE_F=   20.95 meV / A, RMSE_stress=None meV / A^3
2025-12-15 06:39:59.204 DEBUG: Deleting old checkpoint file: Model/multihead_finetuned_MACE_run-345_epoch-93.pt
2025-12-15 06:39:59.207 DEBUG: Saving checkpoint: Model/multihead_finetuned_MACE_run-345_epoch-94.pt
2025-12-15 06:40:44.756 INFO: Epoch 95: head: pt_head, loss=0.00135701, RMSE_E_per_atom=  611.21 meV, RMSE_F=  191.63 meV / A, RMSE_stress=  250.68 meV / A^3
2025-12-15 06:40:45.701 INFO: Epoch 95: head: Default, loss=0.00051283, RMSE_E_per_atom=  343.50 meV, RMSE_F=   20.89 meV / A, RMSE_stress=None meV / A^3
2025-12-15 06:40:45.706 DEBUG: Deleting old checkpoint file: Model/multihead_finetuned_MACE_run-345_epoch-94.pt
2025-12-15 06:40:45.708 DEBUG: Saving checkpoint: Model/multihead_finetuned_MACE_run-345_epoch-95.pt
2025-12-15 06:41:31.359 INFO: Epoch 96: head: pt_head, loss=0.00135609, RMSE_E_per_atom=  613.09 meV, RMSE_F=  191.66 meV / A, RMSE_stress=  250.61 meV / A^3
2025-12-15 06:41:32.306 INFO: Epoch 96: head: Default, loss=0.00047422, RMSE_E_per_atom=  314.21 meV, RMSE_F=   20.82 meV / A, RMSE_stress=None meV / A^3
2025-12-15 06:41:32.311 DEBUG: Deleting old checkpoint file: Model/multihead_finetuned_MACE_run-345_epoch-95.pt
2025-12-15 06:41:32.314 DEBUG: Saving checkpoint: Model/multihead_finetuned_MACE_run-345_epoch-96.pt
2025-12-15 06:42:17.875 INFO: Epoch 97: head: pt_head, loss=0.00135458, RMSE_E_per_atom=  614.52 meV, RMSE_F=  191.61 meV / A, RMSE_stress=  250.35 meV / A^3
2025-12-15 06:42:18.838 INFO: Epoch 97: head: Default, loss=0.00043893, RMSE_E_per_atom=  287.62 meV, RMSE_F=   20.73 meV / A, RMSE_stress=None meV / A^3
2025-12-15 06:42:18.844 DEBUG: Deleting old checkpoint file: Model/multihead_finetuned_MACE_run-345_epoch-96.pt
2025-12-15 06:42:18.848 DEBUG: Saving checkpoint: Model/multihead_finetuned_MACE_run-345_epoch-97.pt
2025-12-15 06:43:04.420 INFO: Epoch 98: head: pt_head, loss=0.00135335, RMSE_E_per_atom=  615.62 meV, RMSE_F=  191.51 meV / A, RMSE_stress=  250.15 meV / A^3
2025-12-15 06:43:05.365 INFO: Epoch 98: head: Default, loss=0.00040688, RMSE_E_per_atom=  263.45 meV, RMSE_F=   20.65 meV / A, RMSE_stress=None meV / A^3
2025-12-15 06:43:05.369 DEBUG: Deleting old checkpoint file: Model/multihead_finetuned_MACE_run-345_epoch-97.pt
2025-12-15 06:43:05.373 DEBUG: Saving checkpoint: Model/multihead_finetuned_MACE_run-345_epoch-98.pt
2025-12-15 06:43:50.944 INFO: Epoch 99: head: pt_head, loss=0.00135105, RMSE_E_per_atom=  616.49 meV, RMSE_F=  191.29 meV / A, RMSE_stress=  249.47 meV / A^3
2025-12-15 06:43:51.893 INFO: Epoch 99: head: Default, loss=0.00037764, RMSE_E_per_atom=  241.55 meV, RMSE_F=   20.56 meV / A, RMSE_stress=None meV / A^3
2025-12-15 06:43:51.897 DEBUG: Deleting old checkpoint file: Model/multihead_finetuned_MACE_run-345_epoch-98.pt
2025-12-15 06:43:51.900 DEBUG: Saving checkpoint: Model/multihead_finetuned_MACE_run-345_epoch-99.pt
2025-12-15 06:43:51.934 INFO: Training complete
2025-12-15 06:43:51.935 INFO: 
2025-12-15 06:43:51.937 INFO: ===========RESULTS===========
2025-12-15 06:43:51.939 INFO: Loading checkpoint: Model/multihead_finetuned_MACE_run-345_epoch-99.pt
2025-12-15 06:43:51.984 INFO: Loaded Stage one model from epoch 99 for evaluation
2025-12-15 06:43:51.985 INFO: Saving model to Model/multihead_finetuned_MACE_run-345.model
2025-12-15 06:43:52.185 INFO: Compiling model, saving metadata to Model/multihead_finetuned_MACE_compiled.model
2025-12-15 06:43:52.909 INFO: Computing metrics for training, validation, and test sets
2025-12-15 06:43:52.911 INFO: Skipping evaluation for heads: ['pt_head']
2025-12-15 06:43:52.913 INFO: Evaluating train_Default ...
2025-12-15 06:44:01.199 INFO: Skipping evaluation of train_pt_head (in skip_heads list)
2025-12-15 06:44:01.200 INFO: Evaluating valid_Default ...
2025-12-15 06:44:02.204 INFO: Skipping evaluation of valid_pt_head (in skip_heads list)
2025-12-15 06:44:02.206 INFO: Error-table on TRAIN and VALID:
+---------------+---------------------+------------------+-------------------+---------------------------------------+
|  config_type  | RMSE E / meV / atom | RMSE F / meV / A | relative F RMSE % | RMSE Stress (Virials) / meV / A (A^3) |
+---------------+---------------------+------------------+-------------------+---------------------------------------+
| train_Default |          241.5      |         20.9     |         82.88     |                  None                 |
| valid_Default |          241.5      |         20.6     |         84.91     |                  None                 |
+---------------+---------------------+------------------+-------------------+---------------------------------------+
2025-12-15 06:44:02.207 DEBUG: Running inference on train_Default dataset
2025-12-15 06:44:02.799 DEBUG: Plotting failed: too many indices for tensor of dimension 1
2025-12-15 06:44:02.799 INFO: Done
