---------------------
  #    meV     cm^-1
---------------------
  0    7.4i     60.1i
  1    0.1i      0.7i
  2    0.0i      0.0i
  3    0.0       0.4
  4    2.6      21.2
  5    3.4      27.3
  6  198.3    1599.6
  7  445.1    3590.2
  8  463.0    3734.6
---------------------
Zero-point energy: 0.556 eV
---------------------
  #    meV     cm^-1
---------------------
  0    7.4i     60.1i
  1    0.1i      0.7i
  2    0.0i      0.0i
  3    0.0       0.4
  4    2.6      21.2
  5    3.4      27.3
  6  198.3    1599.6
  7  445.1    3590.2
  8  463.0    3734.6
---------------------
Zero-point energy: 0.556 eV
---------------------
  #    meV     cm^-1
---------------------
  0    7.4i     60.1i
  1    0.1i      0.7i
  2    0.0i      0.0i
  3    0.0       0.4
  4    2.6      21.2
  5    3.4      27.3
  6  198.3    1599.6
  7  445.1    3590.2
  8  463.0    3734.6
---------------------
Zero-point energy: 0.556 eV
---------------------
  #    meV     cm^-1
---------------------
  0    7.4i     60.1i
  1    0.1i      0.7i
  2    0.0i      0.0i
  3    0.0       0.4
  4    2.6      21.2
  5    3.4      27.3
  6  198.3    1599.6
  7  445.1    3590.2
  8  463.0    3734.6
---------------------
Zero-point energy: 0.556 eV
