---------------------
  #    meV     cm^-1
---------------------
  0   29.2i    235.4i
  1   28.4i    229.2i
  2    9.7i     78.5i
  3    9.6i     77.3i
  4    8.6i     69.2i
  5    8.5i     68.9i
  6    6.3i     50.5i
  7    5.8i     46.6i
  8    5.3i     42.5i
  9    5.2i     42.1i
 10    4.0i     32.1i
 11    3.7i     29.9i
 12    3.5i     28.4i
 13    3.4i     27.1i
 14    2.7i     21.8i
 15    2.6i     21.4i
 16    2.0i     16.5i
 17    1.9i     15.0i
 18    1.6i     12.7i
 19    0.6i      5.2i
 20    0.3i      2.2i
 21    0.2i      1.3i
 22    0.0i      0.2i
 23    0.0i      0.1i
 24    0.0i      0.0i
 25    0.1       1.1
 26    0.3       2.3
 27    1.1       8.9
 28    1.6      12.8
 29    1.9      15.2
 30    1.9      15.6
 31    2.1      16.5
 32    2.9      23.3
 33    3.4      27.7
 34    3.9      31.3
 35    4.0      32.5
 36    4.3      34.5
 37    4.7      37.5
 38    4.9      39.5
 39    4.9      39.9
 40    5.0      40.5
 41    5.2      41.7
 42    5.7      46.3
 43    5.8      46.7
 44    6.1      49.2
 45    6.4      52.0
 46    6.5      52.2
 47    6.6      53.0
 48    7.1      57.4
 49    7.3      58.5
 50    8.3      66.8
 51    8.7      70.3
 52    9.5      76.4
 53    9.5      77.0
 54    9.7      78.5
 55    9.9      79.9
 56   10.3      83.1
 57   11.5      92.5
 58   11.8      95.4
 59   11.8      95.5
 60   12.2      98.6
 61   12.5     100.7
 62   12.5     101.0
 63   12.6     101.3
 64   12.7     102.6
 65   13.0     104.6
 66   13.2     106.2
 67   13.4     108.0
 68   13.8     111.4
 69   13.9     111.9
 70   14.9     120.5
 71   15.0     120.9
 72   15.7     126.3
 73   15.9     128.5
 74   16.3     131.6
 75   16.6     133.9
 76   17.0     136.9
 77   17.8     143.2
 78   17.8     143.5
 79   18.1     146.1
 80   18.4     148.0
 81   18.5     149.1
 82   18.7     150.5
 83   18.8     151.4
 84   19.6     158.1
 85   19.8     159.7
 86   20.1     161.9
 87   20.1     162.3
 88   21.0     169.4
 89   21.1     169.9
 90   22.1     178.3
 91   22.2     179.0
 92   22.2     179.4
 93   22.4     180.5
 94   22.7     183.4
 95   22.8     183.9
 96   23.1     186.7
 97   23.3     188.2
 98   23.4     189.1
 99   23.5     189.7
100   24.4     196.8
101   24.5     197.4
102   24.7     199.3
103   25.0     202.0
104   25.2     202.8
105   25.4     204.8
106   25.7     206.9
107   25.7     207.3
108   26.4     213.3
109   26.6     214.3
110   26.8     216.3
111   27.1     218.2
112   27.1     218.8
113   27.3     220.0
114   27.8     224.0
115   27.9     224.8
116   28.2     227.8
117   28.3     228.4
118   29.0     233.6
119   29.0     233.8
120   29.7     239.9
121   29.8     240.0
122   31.3     252.7
123   31.4     253.0
124   32.7     263.4
125   32.7     263.7
126   34.5     278.5
127   34.5     278.6
128   35.3     284.5
129   35.3     284.8
130   38.1     307.1
131   38.1     307.3
132   39.3     317.0
133   39.4     317.6
134   39.7     319.9
135   39.8     320.9
136   40.4     326.2
137   40.5     326.4
138   43.3     349.0
139   43.3     349.4
140   44.1     356.0
141   44.2     356.2
142   46.6     375.5
143   46.6     375.8
144   47.1     379.8
145   47.2     380.5
146   47.8     385.2
147   47.8     385.5
148   48.5     391.1
149   48.5     391.2
150   49.5     399.1
151   49.5     399.5
152   50.2     404.7
153   50.3     405.3
154   50.3     405.7
155   50.4     406.2
156   50.8     409.7
157   50.8     409.8
158   50.9     410.5
159   51.0     411.0
160   51.0     411.1
161   51.0     411.1
162   51.0     411.4
163   51.2     413.3
164   51.5     415.2
165   51.5     415.6
166   52.4     422.5
167   52.4     422.7
168   52.4     422.8
169   52.4     423.0
170   53.0     427.7
171   53.0     427.7
172   56.7     457.7
173   56.8     458.0
174   57.0     459.9
175   57.0     460.0
176   60.7     489.4
177   60.7     489.6
178   62.9     506.9
179   62.9     507.0
180   66.0     532.0
181   66.0     532.2
182   66.4     535.2
183   66.4     535.7
184   67.4     543.6
185   67.5     544.1
186   68.0     548.2
187   68.0     548.4
188   69.0     556.7
189   69.2     557.8
190   69.3     559.3
191   69.8     562.7
192   70.2     566.1
193   70.2     566.4
194   70.5     568.9
195   70.5     568.9
196   70.8     570.6
197   71.5     576.5
198   71.9     579.7
199   71.9     580.2
200   72.7     586.0
201   72.7     586.1
202   73.3     591.3
203   73.4     591.7
204   74.0     596.5
205   74.0     596.8
206   75.6     609.9
207   75.7     610.4
208   76.2     614.2
209   76.2     614.3
210   76.5     616.9
211   76.5     617.0
212   76.7     618.8
213   76.9     620.1
214   77.4     624.2
215   77.5     625.3
216   77.9     628.6
217   78.0     628.9
218   78.4     632.0
219   78.4     632.0
220   78.8     635.2
221   78.8     635.6
222   78.9     636.3
223   78.9     636.5
224   79.2     639.0
225   79.3     639.3
226   79.6     641.9
227   79.6     642.3
228   79.9     644.1
229   79.9     644.4
230   80.0     644.9
231   80.0     645.1
232   81.7     658.6
233   81.7     658.8
234   82.2     663.0
235   82.5     665.1
236   83.5     673.5
237   83.5     673.6
238   84.1     678.6
239   84.2     678.8
240   84.8     683.6
241   84.9     685.0
242   85.2     686.8
243   85.4     689.0
244   87.0     701.5
245   87.3     703.7
246   89.0     717.7
247   89.0     717.9
248   92.2     743.4
249   92.2     743.9
250   92.7     747.8
251   92.8     748.2
252   94.0     758.4
253   94.1     758.8
254   94.9     765.4
255   94.9     765.6
256   95.3     768.6
257   95.3     768.8
258   97.3     784.5
259   97.4     785.2
260   98.2     792.1
261   98.2     792.4
262   98.6     795.6
263   98.7     796.2
264   99.0     798.2
265   99.0     798.9
266   99.6     803.3
267   99.6     803.4
268  100.2     808.2
269  100.3     809.3
270  100.4     809.8
271  100.5     810.7
272  101.0     814.3
273  101.0     814.3
274  101.2     816.6
275  101.3     816.7
276  102.5     826.4
277  102.5     826.5
278  103.9     838.1
279  104.0     838.6
280  105.5     850.7
281  105.5     851.3
282  106.7     860.8
283  106.8     861.0
284  107.5     867.3
285  107.6     867.9
286  107.7     868.6
287  107.7     868.7
288  107.9     870.5
289  108.0     870.7
290  108.1     871.6
291  108.1     871.8
292  108.5     874.8
293  108.5     875.1
294  108.5     875.2
295  108.5     875.5
296  108.8     877.5
297  108.9     878.6
298  109.0     879.2
299  109.0     879.5
300  109.5     882.9
301  109.5     883.2
302  109.6     883.9
303  109.6     884.3
304  109.8     885.7
305  109.9     886.4
306  111.0     895.0
307  111.1     896.4
308  112.2     904.8
309  112.3     906.0
310  113.5     915.8
311  113.6     916.1
312  114.6     924.5
313  114.7     925.5
314  115.3     929.7
315  115.3     929.8
316  118.6     956.2
317  118.6     956.7
318  121.2     977.5
319  121.2     977.8
320  122.3     986.6
321  122.4     987.1
322  122.8     990.1
323  122.9     991.1
324  123.1     992.7
325  123.1     993.1
326  124.1    1000.7
327  124.1    1001.0
328  124.2    1001.6
329  124.2    1001.7
330  124.8    1006.9
331  124.8    1007.0
332  125.1    1008.8
333  125.1    1009.1
334  125.6    1012.8
335  125.6    1013.3
336  127.0    1024.1
337  127.0    1024.3
338  128.6    1037.6
339  128.7    1037.8
340  131.0    1056.9
341  131.1    1057.3
342  132.4    1067.8
343  132.6    1069.6
344  133.5    1076.6
345  133.8    1079.5
346  134.7    1086.6
347  134.9    1088.0
348  135.5    1093.0
349  135.6    1093.5
350  135.8    1095.5
351  136.0    1096.9
352  136.2    1098.6
353  136.3    1099.1
354  137.1    1106.0
355  137.4    1108.4
356  137.5    1109.2
357  137.7    1110.8
358  138.1    1113.8
359  138.2    1114.6
360  138.8    1119.6
361  138.8    1119.8
362  139.7    1126.4
363  139.7    1126.5
364  140.4    1132.0
365  140.4    1132.4
366  140.7    1134.7
367  140.7    1135.2
368  141.1    1138.2
369  141.1    1138.2
370  143.1    1154.0
371  143.3    1155.4
372  143.9    1160.7
373  144.0    1161.1
374  160.6    1295.4
375  160.6    1295.5
376  160.7    1296.2
377  160.7    1296.2
378  162.7    1312.0
379  162.7    1312.1
380  173.3    1398.0
381  173.3    1398.1
382  348.6    2811.7
383  348.6    2812.0
384  349.9    2822.3
385  349.9    2822.5
386  350.7    2828.4
387  350.7    2828.8
388  352.9    2846.3
389  352.9    2846.4
390  353.4    2850.4
391  353.4    2850.5
392  353.8    2853.8
393  353.9    2854.2
394  355.3    2865.9
395  355.3    2866.0
396  358.1    2887.9
397  358.1    2888.2
398  359.5    2899.3
399  359.6    2900.1
400  359.7    2901.3
401  359.8    2901.7
402  362.3    2922.4
403  362.3    2922.5
404  362.7    2925.7
405  362.9    2927.1
406  363.6    2932.8
407  363.7    2933.5
408  365.9    2951.5
409  365.9    2951.6
410  366.4    2954.8
411  366.4    2954.9
412  366.4    2955.1
413  366.4    2955.1
414  366.5    2956.0
415  366.5    2956.1
416  366.6    2957.2
417  366.7    2957.3
418  367.2    2961.5
419  367.2    2961.6
420  367.3    2962.3
421  367.3    2962.9
422  367.5    2964.0
423  367.5    2964.1
424  368.5    2971.8
425  368.5    2971.9
426  368.7    2973.7
427  368.7    2973.8
428  369.0    2975.8
429  369.0    2975.9
430  375.7    3029.9
431  375.7    3029.9
432  375.9    3032.0
433  375.9    3032.0
434  396.5    3198.2
435  396.5    3198.2
436  396.7    3200.0
437  396.7    3200.0
438  407.5    3286.8
439  407.5    3286.9
440  407.7    3288.1
441  407.7    3288.1
442  410.5    3311.2
443  410.6    3311.6
---------------------
Zero-point energy: 24.203 eV
