---------------------
  #    meV     cm^-1
---------------------
  0    0.5i      4.1i
  1    0.4i      2.9i
  2    0.3i      2.4i
  3    0.0i      0.2i
  4    0.0i      0.1i
  5    0.0i      0.1i
  6    0.2       1.3
  7    0.6       4.8
  8    1.4      11.1
  9    1.9      15.6
 10    2.1      16.9
 11    2.5      19.8
 12    2.6      21.4
 13    3.1      24.8
 14    3.3      27.0
 15    3.9      31.4
 16    4.0      32.3
 17    4.1      33.1
 18    4.8      38.5
 19    5.3      42.8
 20    5.7      45.6
 21    5.9      47.9
 22    6.8      55.2
 23    7.3      58.9
 24    7.8      62.7
 25    7.9      63.7
 26    8.7      70.4
 27    9.0      72.9
 28   10.1      81.2
 29   10.2      82.5
 30   10.6      85.5
 31   10.8      86.7
 32   12.2      98.2
 33   12.2      98.7
 34   12.8     103.5
 35   13.2     106.8
 36   13.6     109.3
 37   13.6     110.0
 38   14.5     116.6
 39   14.5     117.2
 40   14.8     119.1
 41   14.9     120.2
 42   15.3     123.1
 43   15.5     125.2
 44   15.6     125.5
 45   16.1     129.8
 46   16.2     130.9
 47   16.3     131.4
 48   16.5     132.8
 49   16.5     133.5
 50   17.3     139.5
 51   17.9     144.6
 52   18.1     146.3
 53   18.5     149.0
 54   19.0     153.5
 55   19.5     157.6
 56   20.6     166.3
 57   21.0     169.1
 58   21.9     176.7
 59   22.3     179.8
 60   22.6     182.4
 61   22.8     183.8
 62   23.1     186.4
 63   23.6     190.1
 64   23.8     192.0
 65   24.1     194.3
 66   24.6     198.1
 67   24.7     199.3
 68   25.7     207.5
 69   25.8     208.3
 70   26.9     217.4
 71   27.0     218.1
 72   27.9     225.2
 73   28.1     226.6
 74   28.1     226.8
 75   28.7     231.7
 76   29.2     235.5
 77   29.3     236.0
 78   30.3     244.5
 79   30.7     247.2
 80   31.2     251.4
 81   31.3     252.2
 82   31.9     257.1
 83   32.0     258.1
 84   33.1     267.0
 85   33.2     267.8
 86   34.7     280.1
 87   34.8     280.5
 88   35.3     285.1
 89   35.4     285.5
 90   35.9     289.8
 91   36.0     290.1
 92   36.2     292.0
 93   36.5     294.3
 94   39.1     315.0
 95   39.4     317.4
 96   40.1     323.5
 97   40.2     324.2
 98   41.9     338.2
 99   42.1     339.8
100   44.2     356.8
101   44.4     358.1
102   45.3     365.6
103   45.6     367.6
104   46.0     370.9
105   46.0     370.9
106   47.2     380.9
107   47.3     381.6
108   47.8     385.4
109   48.0     387.5
110   49.1     396.1
111   49.3     397.7
112   49.5     399.5
113   49.5     399.6
114   50.3     405.7
115   50.4     406.6
116   50.6     408.5
117   51.3     413.8
118   53.2     428.8
119   53.2     428.9
120   55.8     449.9
121   56.2     453.5
122   59.8     482.5
123   59.8     482.5
124   60.6     488.9
125   60.6     488.9
126   60.8     490.5
127   61.0     491.8
128   61.4     494.9
129   61.6     496.8
130   63.8     514.2
131   64.1     516.8
132   66.1     532.9
133   66.2     533.8
134   67.3     543.0
135   67.4     543.3
136   69.1     557.5
137   69.1     557.6
138   69.7     561.9
139   69.7     562.1
140   71.0     572.4
141   71.0     572.6
142   74.1     597.7
143   74.2     598.8
144   74.8     603.7
145   74.9     604.4
146   75.3     607.2
147   75.3     607.7
148   75.9     612.0
149   76.0     613.1
150   77.0     621.0
151   77.1     621.7
152   81.0     652.9
153   81.0     653.1
154   81.1     654.1
155   81.1     654.3
156   82.3     664.1
157   82.6     666.3
158   83.1     670.3
159   83.2     670.7
160   84.9     684.4
161   84.9     684.7
162   87.3     704.5
163   87.4     704.7
164   89.2     719.6
165   89.2     719.8
166   90.3     728.4
167   90.3     728.7
168   93.3     752.7
169   93.4     753.5
170   94.5     762.4
171   94.6     762.8
172   97.6     786.8
173   97.6     787.6
174   98.1     790.9
175   98.1     791.0
176  100.0     806.7
177  100.0     806.8
178  103.7     836.5
179  103.7     836.5
180  109.6     884.1
181  109.7     884.7
182  110.8     894.0
183  110.9     894.3
184  111.4     898.3
185  111.4     898.9
186  113.3     913.7
187  113.3     913.8
188  113.6     916.4
189  113.9     918.8
190  114.8     926.0
191  114.9     926.4
192  116.4     939.1
193  116.9     943.0
194  118.5     955.6
195  118.5     956.0
196  120.7     973.3
197  120.7     973.4
198  121.0     976.2
199  121.1     976.6
200  121.3     978.5
201  121.4     979.3
202  122.4     987.0
203  122.4     987.1
204  123.0     992.3
205  123.3     994.3
206  125.0    1008.2
207  125.1    1008.8
208  128.7    1038.2
209  128.9    1039.3
210  129.6    1045.1
211  129.6    1045.6
212  130.3    1051.2
213  130.5    1052.3
214  131.3    1058.7
215  131.3    1059.0
216  132.4    1068.3
217  132.5    1068.5
218  134.2    1082.8
219  134.3    1083.0
220  135.0    1088.8
221  135.0    1088.8
222  136.1    1097.7
223  136.2    1098.4
224  136.5    1100.7
225  136.6    1101.4
226  136.6    1101.9
227  136.7    1102.9
228  137.0    1105.4
229  137.2    1106.2
230  139.3    1123.2
231  139.3    1123.6
232  140.1    1130.0
233  140.2    1130.7
234  141.1    1138.1
235  141.2    1139.0
236  142.4    1148.3
237  142.4    1148.8
238  142.5    1149.3
239  142.6    1150.1
240  143.0    1153.4
241  143.1    1154.0
242  143.7    1158.8
243  143.7    1159.3
244  143.7    1159.3
245  143.9    1160.4
246  143.9    1160.5
247  144.0    1161.5
248  144.3    1164.2
249  144.4    1165.0
250  147.1    1186.2
251  147.1    1186.6
252  149.2    1203.3
253  149.2    1203.7
254  152.1    1227.1
255  152.2    1227.6
256  152.4    1229.3
257  152.5    1229.7
258  154.1    1242.9
259  154.3    1244.8
260  155.1    1250.9
261  155.1    1250.9
262  155.2    1251.7
263  155.3    1252.2
264  155.6    1255.1
265  155.7    1255.7
266  157.1    1267.1
267  157.3    1268.8
268  158.9    1281.9
269  159.2    1284.3
270  159.9    1289.6
271  160.0    1290.5
272  160.6    1295.1
273  160.7    1295.9
274  160.8    1296.9
275  161.1    1299.1
276  165.8    1337.6
277  165.9    1338.5
278  166.8    1345.3
279  166.9    1345.8
280  170.2    1372.9
281  170.3    1373.9
282  170.6    1376.2
283  170.8    1377.6
284  171.2    1380.9
285  171.8    1385.4
286  174.9    1410.5
287  174.9    1410.9
288  176.2    1421.3
289  176.5    1423.7
290  176.6    1424.2
291  176.7    1425.0
292  176.7    1425.6
293  176.8    1425.9
294  177.4    1430.5
295  177.4    1430.8
296  178.2    1437.5
297  178.2    1437.7
298  178.7    1441.1
299  178.7    1441.4
300  179.5    1447.5
301  179.6    1448.7
302  179.9    1451.2
303  180.0    1451.8
304  180.7    1457.2
305  180.8    1457.9
306  180.8    1458.3
307  180.8    1458.6
308  181.8    1466.6
309  182.1    1468.3
310  182.2    1469.6
311  182.3    1470.3
312  183.2    1477.2
313  183.2    1477.4
314  183.8    1482.1
315  183.8    1482.4
316  184.4    1487.5
317  184.5    1487.7
318  185.4    1495.5
319  185.4    1495.6
320  185.6    1497.1
321  185.6    1497.3
322  186.6    1505.1
323  186.6    1505.3
324  186.9    1507.4
325  186.9    1507.7
326  189.5    1528.7
327  189.6    1529.6
328  189.9    1531.7
329  190.0    1532.3
330  192.6    1553.7
331  192.6    1553.8
332  195.2    1574.4
333  195.3    1575.5
334  198.5    1601.1
335  198.5    1601.2
336  199.1    1605.5
337  199.1    1606.1
338  202.8    1636.0
339  202.8    1636.0
340  203.2    1638.9
341  203.3    1639.5
342  203.9    1644.8
343  204.0    1645.7
344  204.3    1647.4
345  204.3    1647.7
346  208.5    1681.9
347  208.5    1682.1
348  209.8    1691.9
349  209.8    1692.1
350  210.5    1697.7
351  210.6    1698.5
352  211.0    1701.6
353  211.0    1702.1
354  212.0    1710.0
355  212.0    1710.2
356  213.0    1718.3
357  213.1    1718.5
358  218.2    1760.2
359  218.3    1760.4
360  222.7    1796.5
361  222.8    1796.9
362  223.5    1802.3
363  223.6    1803.8
364  228.1    1840.0
365  228.2    1840.7
366  229.1    1848.2
367  229.4    1850.1
368  232.2    1872.6
369  232.3    1873.3
370  245.6    1981.2
371  245.7    1981.9
372  247.7    1997.7
373  247.7    1998.0
374  255.3    2059.0
375  255.6    2061.3
376  257.1    2073.3
377  257.1    2073.8
378  257.1    2073.9
379  257.2    2074.3
380  257.9    2080.1
381  258.1    2082.0
382  474.9    3830.7
383  475.1    3831.9
384  507.9    4096.7
385  508.0    4097.1
386  509.5    4109.1
387  509.5    4109.2
388  509.5    4109.2
389  509.5    4109.4
390  510.1    4114.3
391  510.2    4115.0
392  511.2    4122.8
393  511.2    4123.5
394  511.3    4123.6
395  511.3    4123.8
396  511.4    4124.8
397  511.4    4124.8
398  512.3    4132.0
399  512.4    4133.0
400  521.0    4202.4
401  521.2    4203.6
402  521.6    4207.0
403  521.9    4209.1
404  522.9    4217.2
405  522.9    4217.4
406  523.5    4221.9
407  523.5    4222.3
408  523.5    4222.7
409  523.6    4222.7
410  524.6    4230.8
411  524.8    4232.4
412  525.0    4234.4
413  525.1    4235.4
414  525.6    4239.1
415  525.6    4239.2
416  528.3    4260.9
417  528.3    4261.0
418  529.2    4268.3
419  529.3    4268.8
420  529.4    4270.0
421  529.5    4270.8
422  529.5    4271.0
423  529.6    4271.1
424  531.0    4282.8
425  531.1    4283.5
426  531.1    4283.6
427  531.2    4284.5
428  532.3    4293.2
429  532.4    4294.0
430  537.0    4331.5
431  537.1    4332.1
432  537.4    4334.8
433  537.4    4334.8
434  538.0    4339.6
435  538.1    4339.7
436  538.8    4346.1
437  538.9    4346.4
438  539.0    4347.1
439  539.0    4347.4
440  541.5    4367.6
441  541.5    4367.8
442  542.6    4376.1
443  542.7    4376.9
---------------------
Zero-point energy: 37.130 eV
